30-Jan-2021 17:35:59.148 情報 [main] org.apache.catalina.startup.VersionLoggerListener.log Serverのバージョン名:     Apache Tomcat/9.0.41
30-Jan-2021 17:35:59.154 情報 [main] org.apache.catalina.startup.VersionLoggerListener.log Server ビルド:            Dec 3 2020 11:43:00 UTC
30-Jan-2021 17:35:59.155 情報 [main] org.apache.catalina.startup.VersionLoggerListener.log サーバーのバージョン番号: 9.0.41.0
30-Jan-2021 17:35:59.155 情報 [main] org.apache.catalina.startup.VersionLoggerListener.log OS 名:                    Windows 10
30-Jan-2021 17:35:59.155 情報 [main] org.apache.catalina.startup.VersionLoggerListener.log OS バージョン:            10.0
30-Jan-2021 17:35:59.155 情報 [main] org.apache.catalina.startup.VersionLoggerListener.log アーキテクチャ:           amd64
30-Jan-2021 17:35:59.155 情報 [main] org.apache.catalina.startup.VersionLoggerListener.log Java Home:                C:\Program Files\Java\jdk-11.0.8
30-Jan-2021 17:35:59.156 情報 [main] org.apache.catalina.startup.VersionLoggerListener.log JVM バージョン:           11.0.8+10-LTS
30-Jan-2021 17:35:59.156 情報 [main] org.apache.catalina.startup.VersionLoggerListener.log JVM ベンダ:               Oracle Corporation
30-Jan-2021 17:35:59.156 情報 [main] org.apache.catalina.startup.VersionLoggerListener.log CATALINA_BASE:            D:\WorkSpace\2020\apache-tomcat-9.0.41
30-Jan-2021 17:35:59.157 情報 [main] org.apache.catalina.startup.VersionLoggerListener.log CATALINA_HOME:            D:\WorkSpace\2020\apache-tomcat-9.0.41
30-Jan-2021 17:35:59.164 情報 [main] org.apache.catalina.startup.VersionLoggerListener.log コマンドライン引数:       --add-opens=java.base/java.lang=ALL-UNNAMED
30-Jan-2021 17:35:59.165 情報 [main] org.apache.catalina.startup.VersionLoggerListener.log コマンドライン引数:       --add-opens=java.base/java.io=ALL-UNNAMED
30-Jan-2021 17:35:59.165 情報 [main] org.apache.catalina.startup.VersionLoggerListener.log コマンドライン引数:       --add-opens=java.rmi/sun.rmi.transport=ALL-UNNAMED
30-Jan-2021 17:35:59.165 情報 [main] org.apache.catalina.startup.VersionLoggerListener.log コマンドライン引数:       -Djava.util.logging.config.file=D:\WorkSpace\2020\apache-tomcat-9.0.41\conf\logging.properties
30-Jan-2021 17:35:59.165 情報 [main] org.apache.catalina.startup.VersionLoggerListener.log コマンドライン引数:       -Djava.util.logging.manager=org.apache.juli.ClassLoaderLogManager
30-Jan-2021 17:35:59.186 情報 [main] org.apache.catalina.startup.VersionLoggerListener.log コマンドライン引数:       -Djdk.tls.ephemeralDHKeySize=2048
30-Jan-2021 17:35:59.187 情報 [main] org.apache.catalina.startup.VersionLoggerListener.log コマンドライン引数:       -Djava.protocol.handler.pkgs=org.apache.catalina.webresources
30-Jan-2021 17:35:59.188 情報 [main] org.apache.catalina.startup.VersionLoggerListener.log コマンドライン引数:       -agentpath:D:\WorkSpace\2020\JISDLab\JISD\lib\ProbeJ_ex.dll=D:\WorkSpace\2020\JISDLab\JISD\lib\options_none:39876
30-Jan-2021 17:35:59.189 情報 [main] org.apache.catalina.startup.VersionLoggerListener.log コマンドライン引数:       -Dignore.endorsed.dirs=
30-Jan-2021 17:35:59.189 情報 [main] org.apache.catalina.startup.VersionLoggerListener.log コマンドライン引数:       -Dcatalina.base=D:\WorkSpace\2020\apache-tomcat-9.0.41
30-Jan-2021 17:35:59.190 情報 [main] org.apache.catalina.startup.VersionLoggerListener.log コマンドライン引数:       -Dcatalina.home=D:\WorkSpace\2020\apache-tomcat-9.0.41
30-Jan-2021 17:35:59.190 情報 [main] org.apache.catalina.startup.VersionLoggerListener.log コマンドライン引数:       -Djava.io.tmpdir=D:\WorkSpace\2020\apache-tomcat-9.0.41\temp
30-Jan-2021 17:35:59.278 情報 [main] org.apache.catalina.core.AprLifecycleListener.lifecycleEvent APRバージョン[1.7.0]を使用してAPRベースのApache Tomcatネイティブライブラリ[1.2.25]をロードしました。
30-Jan-2021 17:35:59.279 情報 [main] org.apache.catalina.core.AprLifecycleListener.lifecycleEvent APR機能：IPv6 [true]、sendfile true]、受け入れフィルタ[false]、ランダム[true]
30-Jan-2021 17:35:59.282 情報 [main] org.apache.catalina.core.AprLifecycleListener.lifecycleEvent APR/OpenSSL設定：useAprConnector [false]、useOpenSSL [true]
30-Jan-2021 17:35:59.354 情報 [main] org.apache.catalina.core.AprLifecycleListener.initializeSSL OpenSSLは[OpenSSL 1.1.1g  21 Apr 2020]を正常に初期化しました。
30-Jan-2021 17:35:59.655 情報 [main] org.apache.coyote.AbstractProtocol.init プロトコルハンドラ ["http-nio-8080"] を初期化します。
30-Jan-2021 17:35:59.901 情報 [main] org.apache.catalina.startup.Catalina.load サーバーの初期化 [1029]ms
30-Jan-2021 17:35:59.995 情報 [main] org.apache.catalina.core.StandardService.startInternal サービス [Catalina] を起動します
30-Jan-2021 17:35:59.995 情報 [main] org.apache.catalina.core.StandardEngine.startInternal サーブレットエンジンの起動：[Apache Tomcat/9.0.41]
30-Jan-2021 17:36:00.070 情報 [main] org.apache.catalina.startup.HostConfig.deployWAR Webアプリケーションアーカイブ [D:\WorkSpace\2020\apache-tomcat-9.0.41\webapps\TomcatDemo-0.0.1.war] を配備します
30-Jan-2021 17:36:01.263 情報 [main] org.apache.jasper.servlet.TldScanner.scanJars 少なくとも1つのJARが、まだTLDを含んでいないTLDについてスキャンされました。 スキャンしたが、そこにTLDが見つからなかったJARの完全なリストについては、このロガーのデバッグログを有効にしてください。 スキャン中に不要なJARをスキップすると、起動時間とJSPのコンパイル時間が改善されます。
30-Jan-2021 17:36:01.477 警告 [main] org.apache.catalina.util.SessionIdGeneratorBase.createSecureRandom セッション ID を生成するための SecureRandom インスタンスの作成に [185] ミリ秒かかりました。アルゴリズムは [SHA1PRNG] です。
30-Jan-2021 17:36:01.632 情報 [main] org.apache.catalina.startup.HostConfig.deployWAR Web アプリケーションアーカイブ [D:\WorkSpace\2020\apache-tomcat-9.0.41\webapps\TomcatDemo-0.0.1.war] の配備は [1,562] ms で完了しました。
30-Jan-2021 17:36:01.633 情報 [main] org.apache.catalina.startup.HostConfig.deployDirectory Webアプリケーションディレクトリ [D:\WorkSpace\2020\apache-tomcat-9.0.41\webapps\docs] を配備します
30-Jan-2021 17:36:01.693 情報 [main] org.apache.catalina.startup.HostConfig.deployDirectory ディレクトリ [D:\WorkSpace\2020\apache-tomcat-9.0.41\webapps\docs] の Web アプリケーションの配備は [60] ms で完了しました。
30-Jan-2021 17:36:01.694 情報 [main] org.apache.catalina.startup.HostConfig.deployDirectory Webアプリケーションディレクトリ [D:\WorkSpace\2020\apache-tomcat-9.0.41\webapps\examples] を配備します
30-Jan-2021 17:36:02.792 情報 [main] org.apache.catalina.startup.HostConfig.deployDirectory ディレクトリ [D:\WorkSpace\2020\apache-tomcat-9.0.41\webapps\examples] の Web アプリケーションの配備は [1,098] ms で完了しました。
30-Jan-2021 17:36:02.793 情報 [main] org.apache.catalina.startup.HostConfig.deployDirectory Webアプリケーションディレクトリ [D:\WorkSpace\2020\apache-tomcat-9.0.41\webapps\host-manager] を配備します
30-Jan-2021 17:36:02.845 情報 [main] org.apache.catalina.startup.HostConfig.deployDirectory ディレクトリ [D:\WorkSpace\2020\apache-tomcat-9.0.41\webapps\host-manager] の Web アプリケーションの配備は [52] ms で完了しました。
30-Jan-2021 17:36:02.846 情報 [main] org.apache.catalina.startup.HostConfig.deployDirectory Webアプリケーションディレクトリ [D:\WorkSpace\2020\apache-tomcat-9.0.41\webapps\manager] を配備します
30-Jan-2021 17:36:02.934 情報 [main] org.apache.catalina.startup.HostConfig.deployDirectory ディレクトリ [D:\WorkSpace\2020\apache-tomcat-9.0.41\webapps\manager] の Web アプリケーションの配備は [89] ms で完了しました。
30-Jan-2021 17:36:02.935 情報 [main] org.apache.catalina.startup.HostConfig.deployDirectory Webアプリケーションディレクトリ [D:\WorkSpace\2020\apache-tomcat-9.0.41\webapps\ROOT] を配備します
30-Jan-2021 17:36:02.979 情報 [main] org.apache.catalina.startup.HostConfig.deployDirectory ディレクトリ [D:\WorkSpace\2020\apache-tomcat-9.0.41\webapps\ROOT] の Web アプリケーションの配備は [44] ms で完了しました。
30-Jan-2021 17:36:02.984 情報 [main] org.apache.coyote.AbstractProtocol.start プロトコルハンドラー ["http-nio-8080"] を開始しました。
30-Jan-2021 17:36:02.995 情報 [main] org.apache.catalina.startup.Catalina.start サーバーの起動 [3093]ms
30-Jan-2021 17:40:14.771 情報 [Thread-3] org.apache.coyote.AbstractProtocol.pause ProtocolHandler ["http-nio-8080"] を一時停止します。
30-Jan-2021 17:40:14.954 情報 [Thread-3] org.apache.catalina.core.StandardService.stopInternal サービス [Catalina] を停止します
30-Jan-2021 17:40:14.991 情報 [Thread-3] org.apache.coyote.AbstractProtocol.stop ProtocolHandler ["http-nio-8080"]の停止中
30-Jan-2021 17:40:15.001 情報 [Thread-3] org.apache.coyote.AbstractProtocol.destroy ProtocolHandler ["http-nio-8080"] を破棄します。
30-Jan-2021 17:40:40.126 情報 [main] org.apache.catalina.startup.VersionLoggerListener.log Serverのバージョン名:     Apache Tomcat/9.0.41
30-Jan-2021 17:40:40.130 情報 [main] org.apache.catalina.startup.VersionLoggerListener.log Server ビルド:            Dec 3 2020 11:43:00 UTC
30-Jan-2021 17:40:40.131 情報 [main] org.apache.catalina.startup.VersionLoggerListener.log サーバーのバージョン番号: 9.0.41.0
30-Jan-2021 17:40:40.132 情報 [main] org.apache.catalina.startup.VersionLoggerListener.log OS 名:                    Windows 10
30-Jan-2021 17:40:40.132 情報 [main] org.apache.catalina.startup.VersionLoggerListener.log OS バージョン:            10.0
30-Jan-2021 17:40:40.132 情報 [main] org.apache.catalina.startup.VersionLoggerListener.log アーキテクチャ:           amd64
30-Jan-2021 17:40:40.132 情報 [main] org.apache.catalina.startup.VersionLoggerListener.log Java Home:                C:\Program Files\Java\jdk-11.0.8
30-Jan-2021 17:40:40.133 情報 [main] org.apache.catalina.startup.VersionLoggerListener.log JVM バージョン:           11.0.8+10-LTS
30-Jan-2021 17:40:40.133 情報 [main] org.apache.catalina.startup.VersionLoggerListener.log JVM ベンダ:               Oracle Corporation
30-Jan-2021 17:40:40.133 情報 [main] org.apache.catalina.startup.VersionLoggerListener.log CATALINA_BASE:            D:\WorkSpace\2020\apache-tomcat-9.0.41
30-Jan-2021 17:40:40.133 情報 [main] org.apache.catalina.startup.VersionLoggerListener.log CATALINA_HOME:            D:\WorkSpace\2020\apache-tomcat-9.0.41
30-Jan-2021 17:40:40.142 情報 [main] org.apache.catalina.startup.VersionLoggerListener.log コマンドライン引数:       --add-opens=java.base/java.lang=ALL-UNNAMED
30-Jan-2021 17:40:40.154 情報 [main] org.apache.catalina.startup.VersionLoggerListener.log コマンドライン引数:       --add-opens=java.base/java.io=ALL-UNNAMED
30-Jan-2021 17:40:40.154 情報 [main] org.apache.catalina.startup.VersionLoggerListener.log コマンドライン引数:       --add-opens=java.rmi/sun.rmi.transport=ALL-UNNAMED
30-Jan-2021 17:40:40.154 情報 [main] org.apache.catalina.startup.VersionLoggerListener.log コマンドライン引数:       -Djava.util.logging.config.file=D:\WorkSpace\2020\apache-tomcat-9.0.41\conf\logging.properties
30-Jan-2021 17:40:40.155 情報 [main] org.apache.catalina.startup.VersionLoggerListener.log コマンドライン引数:       -Djava.util.logging.manager=org.apache.juli.ClassLoaderLogManager
30-Jan-2021 17:40:40.155 情報 [main] org.apache.catalina.startup.VersionLoggerListener.log コマンドライン引数:       -Djdk.tls.ephemeralDHKeySize=2048
30-Jan-2021 17:40:40.156 情報 [main] org.apache.catalina.startup.VersionLoggerListener.log コマンドライン引数:       -Djava.protocol.handler.pkgs=org.apache.catalina.webresources
30-Jan-2021 17:40:40.156 情報 [main] org.apache.catalina.startup.VersionLoggerListener.log コマンドライン引数:       -agentpath:D:\WorkSpace\2020\JISDLab\JISD\lib\ProbeJ_ex.dll=D:\WorkSpace\2020\JISDLab\JISD\lib\options_none:39876
30-Jan-2021 17:40:40.157 情報 [main] org.apache.catalina.startup.VersionLoggerListener.log コマンドライン引数:       -Dignore.endorsed.dirs=
30-Jan-2021 17:40:40.157 情報 [main] org.apache.catalina.startup.VersionLoggerListener.log コマンドライン引数:       -Dcatalina.base=D:\WorkSpace\2020\apache-tomcat-9.0.41
30-Jan-2021 17:40:40.158 情報 [main] org.apache.catalina.startup.VersionLoggerListener.log コマンドライン引数:       -Dcatalina.home=D:\WorkSpace\2020\apache-tomcat-9.0.41
30-Jan-2021 17:40:40.158 情報 [main] org.apache.catalina.startup.VersionLoggerListener.log コマンドライン引数:       -Djava.io.tmpdir=D:\WorkSpace\2020\apache-tomcat-9.0.41\temp
30-Jan-2021 17:40:40.162 情報 [main] org.apache.catalina.core.AprLifecycleListener.lifecycleEvent APRバージョン[1.7.0]を使用してAPRベースのApache Tomcatネイティブライブラリ[1.2.25]をロードしました。
30-Jan-2021 17:40:40.162 情報 [main] org.apache.catalina.core.AprLifecycleListener.lifecycleEvent APR機能：IPv6 [true]、sendfile true]、受け入れフィルタ[false]、ランダム[true]
30-Jan-2021 17:40:40.162 情報 [main] org.apache.catalina.core.AprLifecycleListener.lifecycleEvent APR/OpenSSL設定：useAprConnector [false]、useOpenSSL [true]
30-Jan-2021 17:40:40.167 情報 [main] org.apache.catalina.core.AprLifecycleListener.initializeSSL OpenSSLは[OpenSSL 1.1.1g  21 Apr 2020]を正常に初期化しました。
30-Jan-2021 17:40:40.400 情報 [main] org.apache.coyote.AbstractProtocol.init プロトコルハンドラ ["http-nio-8080"] を初期化します。
30-Jan-2021 17:40:40.629 情報 [main] org.apache.catalina.startup.Catalina.load サーバーの初期化 [681]ms
30-Jan-2021 17:40:40.669 情報 [main] org.apache.catalina.core.StandardService.startInternal サービス [Catalina] を起動します
30-Jan-2021 17:40:40.670 情報 [main] org.apache.catalina.core.StandardEngine.startInternal サーブレットエンジンの起動：[Apache Tomcat/9.0.41]
30-Jan-2021 17:40:40.689 情報 [main] org.apache.catalina.startup.HostConfig.deployWAR Webアプリケーションアーカイブ [D:\WorkSpace\2020\apache-tomcat-9.0.41\webapps\TomcatDemo-0.0.1.war] を配備します
30-Jan-2021 17:40:41.387 情報 [main] org.apache.jasper.servlet.TldScanner.scanJars 少なくとも1つのJARが、まだTLDを含んでいないTLDについてスキャンされました。 スキャンしたが、そこにTLDが見つからなかったJARの完全なリストについては、このロガーのデバッグログを有効にしてください。 スキャン中に不要なJARをスキップすると、起動時間とJSPのコンパイル時間が改善されます。
30-Jan-2021 17:40:41.602 警告 [main] org.apache.catalina.util.SessionIdGeneratorBase.createSecureRandom セッション ID を生成するための SecureRandom インスタンスの作成に [186] ミリ秒かかりました。アルゴリズムは [SHA1PRNG] です。
30-Jan-2021 17:40:41.684 情報 [main] org.apache.catalina.startup.HostConfig.deployWAR Web アプリケーションアーカイブ [D:\WorkSpace\2020\apache-tomcat-9.0.41\webapps\TomcatDemo-0.0.1.war] の配備は [995] ms で完了しました。
30-Jan-2021 17:40:41.684 情報 [main] org.apache.catalina.startup.HostConfig.deployDirectory Webアプリケーションディレクトリ [D:\WorkSpace\2020\apache-tomcat-9.0.41\webapps\docs] を配備します
30-Jan-2021 17:40:41.716 情報 [main] org.apache.catalina.startup.HostConfig.deployDirectory ディレクトリ [D:\WorkSpace\2020\apache-tomcat-9.0.41\webapps\docs] の Web アプリケーションの配備は [32] ms で完了しました。
30-Jan-2021 17:40:41.717 情報 [main] org.apache.catalina.startup.HostConfig.deployDirectory Webアプリケーションディレクトリ [D:\WorkSpace\2020\apache-tomcat-9.0.41\webapps\examples] を配備します
30-Jan-2021 17:40:42.131 情報 [main] org.apache.catalina.startup.HostConfig.deployDirectory ディレクトリ [D:\WorkSpace\2020\apache-tomcat-9.0.41\webapps\examples] の Web アプリケーションの配備は [413] ms で完了しました。
30-Jan-2021 17:40:42.131 情報 [main] org.apache.catalina.startup.HostConfig.deployDirectory Webアプリケーションディレクトリ [D:\WorkSpace\2020\apache-tomcat-9.0.41\webapps\host-manager] を配備します
30-Jan-2021 17:40:42.173 情報 [main] org.apache.catalina.startup.HostConfig.deployDirectory ディレクトリ [D:\WorkSpace\2020\apache-tomcat-9.0.41\webapps\host-manager] の Web アプリケーションの配備は [42] ms で完了しました。
30-Jan-2021 17:40:42.174 情報 [main] org.apache.catalina.startup.HostConfig.deployDirectory Webアプリケーションディレクトリ [D:\WorkSpace\2020\apache-tomcat-9.0.41\webapps\manager] を配備します
30-Jan-2021 17:40:42.211 情報 [main] org.apache.catalina.startup.HostConfig.deployDirectory ディレクトリ [D:\WorkSpace\2020\apache-tomcat-9.0.41\webapps\manager] の Web アプリケーションの配備は [37] ms で完了しました。
30-Jan-2021 17:40:42.212 情報 [main] org.apache.catalina.startup.HostConfig.deployDirectory Webアプリケーションディレクトリ [D:\WorkSpace\2020\apache-tomcat-9.0.41\webapps\ROOT] を配備します
30-Jan-2021 17:40:42.241 情報 [main] org.apache.catalina.startup.HostConfig.deployDirectory ディレクトリ [D:\WorkSpace\2020\apache-tomcat-9.0.41\webapps\ROOT] の Web アプリケーションの配備は [29] ms で完了しました。
30-Jan-2021 17:40:42.247 情報 [main] org.apache.coyote.AbstractProtocol.start プロトコルハンドラー ["http-nio-8080"] を開始しました。
30-Jan-2021 17:40:42.255 情報 [main] org.apache.catalina.startup.Catalina.start サーバーの起動 [1625]ms
