08-Feb-2021 21:06:47.657 情報 [main] org.apache.catalina.startup.VersionLoggerListener.log Serverのバージョン名:     Apache Tomcat/9.0.41
08-Feb-2021 21:06:47.662 情報 [main] org.apache.catalina.startup.VersionLoggerListener.log Server ビルド:            Dec 3 2020 11:43:00 UTC
08-Feb-2021 21:06:47.663 情報 [main] org.apache.catalina.startup.VersionLoggerListener.log サーバーのバージョン番号: 9.0.41.0
08-Feb-2021 21:06:47.664 情報 [main] org.apache.catalina.startup.VersionLoggerListener.log OS 名:                    Windows 10
08-Feb-2021 21:06:47.664 情報 [main] org.apache.catalina.startup.VersionLoggerListener.log OS バージョン:            10.0
08-Feb-2021 21:06:47.664 情報 [main] org.apache.catalina.startup.VersionLoggerListener.log アーキテクチャ:           amd64
08-Feb-2021 21:06:47.664 情報 [main] org.apache.catalina.startup.VersionLoggerListener.log Java Home:                C:\Program Files\Java\jdk-11.0.8
08-Feb-2021 21:06:47.664 情報 [main] org.apache.catalina.startup.VersionLoggerListener.log JVM バージョン:           11.0.8+10-LTS
08-Feb-2021 21:06:47.665 情報 [main] org.apache.catalina.startup.VersionLoggerListener.log JVM ベンダ:               Oracle Corporation
08-Feb-2021 21:06:47.665 情報 [main] org.apache.catalina.startup.VersionLoggerListener.log CATALINA_BASE:            D:\WorkSpace\2020\apache-tomcat-9.0.41
08-Feb-2021 21:06:47.665 情報 [main] org.apache.catalina.startup.VersionLoggerListener.log CATALINA_HOME:            D:\WorkSpace\2020\apache-tomcat-9.0.41
08-Feb-2021 21:06:47.680 情報 [main] org.apache.catalina.startup.VersionLoggerListener.log コマンドライン引数:       --add-opens=java.base/java.lang=ALL-UNNAMED
08-Feb-2021 21:06:47.681 情報 [main] org.apache.catalina.startup.VersionLoggerListener.log コマンドライン引数:       --add-opens=java.base/java.io=ALL-UNNAMED
08-Feb-2021 21:06:47.681 情報 [main] org.apache.catalina.startup.VersionLoggerListener.log コマンドライン引数:       --add-opens=java.rmi/sun.rmi.transport=ALL-UNNAMED
08-Feb-2021 21:06:47.682 情報 [main] org.apache.catalina.startup.VersionLoggerListener.log コマンドライン引数:       -Djava.util.logging.config.file=D:\WorkSpace\2020\apache-tomcat-9.0.41\conf\logging.properties
08-Feb-2021 21:06:47.682 情報 [main] org.apache.catalina.startup.VersionLoggerListener.log コマンドライン引数:       -Djava.util.logging.manager=org.apache.juli.ClassLoaderLogManager
08-Feb-2021 21:06:47.683 情報 [main] org.apache.catalina.startup.VersionLoggerListener.log コマンドライン引数:       -Djdk.tls.ephemeralDHKeySize=2048
08-Feb-2021 21:06:47.683 情報 [main] org.apache.catalina.startup.VersionLoggerListener.log コマンドライン引数:       -Djava.protocol.handler.pkgs=org.apache.catalina.webresources
08-Feb-2021 21:06:47.684 情報 [main] org.apache.catalina.startup.VersionLoggerListener.log コマンドライン引数:       -agentpath:D:\WorkSpace\2020\JISDLab\JISD\lib\ProbeJ_ex.dll=D:\WorkSpace\2020\JISDLab\JISD\lib\options_none:39876
08-Feb-2021 21:06:47.684 情報 [main] org.apache.catalina.startup.VersionLoggerListener.log コマンドライン引数:       -Dignore.endorsed.dirs=
08-Feb-2021 21:06:47.684 情報 [main] org.apache.catalina.startup.VersionLoggerListener.log コマンドライン引数:       -Dcatalina.base=D:\WorkSpace\2020\apache-tomcat-9.0.41
08-Feb-2021 21:06:47.685 情報 [main] org.apache.catalina.startup.VersionLoggerListener.log コマンドライン引数:       -Dcatalina.home=D:\WorkSpace\2020\apache-tomcat-9.0.41
08-Feb-2021 21:06:47.686 情報 [main] org.apache.catalina.startup.VersionLoggerListener.log コマンドライン引数:       -Djava.io.tmpdir=D:\WorkSpace\2020\apache-tomcat-9.0.41\temp
08-Feb-2021 21:06:47.831 情報 [main] org.apache.catalina.core.AprLifecycleListener.lifecycleEvent APRバージョン[1.7.0]を使用してAPRベースのApache Tomcatネイティブライブラリ[1.2.25]をロードしました。
08-Feb-2021 21:06:47.832 情報 [main] org.apache.catalina.core.AprLifecycleListener.lifecycleEvent APR機能：IPv6 [true]、sendfile true]、受け入れフィルタ[false]、ランダム[true]
08-Feb-2021 21:06:47.834 情報 [main] org.apache.catalina.core.AprLifecycleListener.lifecycleEvent APR/OpenSSL設定：useAprConnector [false]、useOpenSSL [true]
08-Feb-2021 21:06:47.887 情報 [main] org.apache.catalina.core.AprLifecycleListener.initializeSSL OpenSSLは[OpenSSL 1.1.1g  21 Apr 2020]を正常に初期化しました。
08-Feb-2021 21:06:48.220 情報 [main] org.apache.coyote.AbstractProtocol.init プロトコルハンドラ ["http-nio-8080"] を初期化します。
08-Feb-2021 21:06:48.492 情報 [main] org.apache.catalina.startup.Catalina.load サーバーの初期化 [1157]ms
08-Feb-2021 21:06:48.575 情報 [main] org.apache.catalina.core.StandardService.startInternal サービス [Catalina] を起動します
08-Feb-2021 21:06:48.575 情報 [main] org.apache.catalina.core.StandardEngine.startInternal サーブレットエンジンの起動：[Apache Tomcat/9.0.41]
08-Feb-2021 21:06:48.686 情報 [main] org.apache.catalina.startup.HostConfig.deployWAR Webアプリケーションアーカイブ [D:\WorkSpace\2020\apache-tomcat-9.0.41\webapps\TomcatDemo-0.0.1.war] を配備します
08-Feb-2021 21:06:49.865 情報 [main] org.apache.jasper.servlet.TldScanner.scanJars 少なくとも1つのJARが、まだTLDを含んでいないTLDについてスキャンされました。 スキャンしたが、そこにTLDが見つからなかったJARの完全なリストについては、このロガーのデバッグログを有効にしてください。 スキャン中に不要なJARをスキップすると、起動時間とJSPのコンパイル時間が改善されます。
08-Feb-2021 21:06:50.131 警告 [main] org.apache.catalina.util.SessionIdGeneratorBase.createSecureRandom セッション ID を生成するための SecureRandom インスタンスの作成に [227] ミリ秒かかりました。アルゴリズムは [SHA1PRNG] です。
08-Feb-2021 21:06:50.333 情報 [main] org.apache.catalina.startup.HostConfig.deployWAR Web アプリケーションアーカイブ [D:\WorkSpace\2020\apache-tomcat-9.0.41\webapps\TomcatDemo-0.0.1.war] の配備は [1,647] ms で完了しました。
08-Feb-2021 21:06:50.334 情報 [main] org.apache.catalina.startup.HostConfig.deployDirectory Webアプリケーションディレクトリ [D:\WorkSpace\2020\apache-tomcat-9.0.41\webapps\docs] を配備します
08-Feb-2021 21:06:50.392 情報 [main] org.apache.catalina.startup.HostConfig.deployDirectory ディレクトリ [D:\WorkSpace\2020\apache-tomcat-9.0.41\webapps\docs] の Web アプリケーションの配備は [58] ms で完了しました。
08-Feb-2021 21:06:50.393 情報 [main] org.apache.catalina.startup.HostConfig.deployDirectory Webアプリケーションディレクトリ [D:\WorkSpace\2020\apache-tomcat-9.0.41\webapps\examples] を配備します
08-Feb-2021 21:06:51.440 情報 [main] org.apache.catalina.startup.HostConfig.deployDirectory ディレクトリ [D:\WorkSpace\2020\apache-tomcat-9.0.41\webapps\examples] の Web アプリケーションの配備は [1,047] ms で完了しました。
08-Feb-2021 21:06:51.441 情報 [main] org.apache.catalina.startup.HostConfig.deployDirectory Webアプリケーションディレクトリ [D:\WorkSpace\2020\apache-tomcat-9.0.41\webapps\host-manager] を配備します
08-Feb-2021 21:06:51.488 情報 [main] org.apache.catalina.startup.HostConfig.deployDirectory ディレクトリ [D:\WorkSpace\2020\apache-tomcat-9.0.41\webapps\host-manager] の Web アプリケーションの配備は [46] ms で完了しました。
08-Feb-2021 21:06:51.488 情報 [main] org.apache.catalina.startup.HostConfig.deployDirectory Webアプリケーションディレクトリ [D:\WorkSpace\2020\apache-tomcat-9.0.41\webapps\manager] を配備します
08-Feb-2021 21:06:51.548 情報 [main] org.apache.catalina.startup.HostConfig.deployDirectory ディレクトリ [D:\WorkSpace\2020\apache-tomcat-9.0.41\webapps\manager] の Web アプリケーションの配備は [60] ms で完了しました。
08-Feb-2021 21:06:51.549 情報 [main] org.apache.catalina.startup.HostConfig.deployDirectory Webアプリケーションディレクトリ [D:\WorkSpace\2020\apache-tomcat-9.0.41\webapps\ROOT] を配備します
08-Feb-2021 21:06:51.578 情報 [main] org.apache.catalina.startup.HostConfig.deployDirectory ディレクトリ [D:\WorkSpace\2020\apache-tomcat-9.0.41\webapps\ROOT] の Web アプリケーションの配備は [29] ms で完了しました。
08-Feb-2021 21:06:51.582 情報 [main] org.apache.coyote.AbstractProtocol.start プロトコルハンドラー ["http-nio-8080"] を開始しました。
08-Feb-2021 21:06:51.592 情報 [main] org.apache.catalina.startup.Catalina.start サーバーの起動 [3099]ms
