27-Jan-2021 17:40:17.068 情報 [main] org.apache.catalina.startup.VersionLoggerListener.log Serverのバージョン名:     Apache Tomcat/9.0.41
27-Jan-2021 17:40:17.074 情報 [main] org.apache.catalina.startup.VersionLoggerListener.log Server ビルド:            Dec 3 2020 11:43:00 UTC
27-Jan-2021 17:40:17.077 情報 [main] org.apache.catalina.startup.VersionLoggerListener.log サーバーのバージョン番号: 9.0.41.0
27-Jan-2021 17:40:17.077 情報 [main] org.apache.catalina.startup.VersionLoggerListener.log OS 名:                    Windows 10
27-Jan-2021 17:40:17.077 情報 [main] org.apache.catalina.startup.VersionLoggerListener.log OS バージョン:            10.0
27-Jan-2021 17:40:17.078 情報 [main] org.apache.catalina.startup.VersionLoggerListener.log アーキテクチャ:           amd64
27-Jan-2021 17:40:17.078 情報 [main] org.apache.catalina.startup.VersionLoggerListener.log Java Home:                C:\Program Files\Java\jdk-11.0.8
27-Jan-2021 17:40:17.078 情報 [main] org.apache.catalina.startup.VersionLoggerListener.log JVM バージョン:           11.0.8+10-LTS
27-Jan-2021 17:40:17.078 情報 [main] org.apache.catalina.startup.VersionLoggerListener.log JVM ベンダ:               Oracle Corporation
27-Jan-2021 17:40:17.078 情報 [main] org.apache.catalina.startup.VersionLoggerListener.log CATALINA_BASE:            D:\WorkSpace\2020\apache-tomcat-9.0.41
27-Jan-2021 17:40:17.078 情報 [main] org.apache.catalina.startup.VersionLoggerListener.log CATALINA_HOME:            D:\WorkSpace\2020\apache-tomcat-9.0.41
27-Jan-2021 17:40:17.084 情報 [main] org.apache.catalina.startup.VersionLoggerListener.log コマンドライン引数:       --add-opens=java.base/java.lang=ALL-UNNAMED
27-Jan-2021 17:40:17.085 情報 [main] org.apache.catalina.startup.VersionLoggerListener.log コマンドライン引数:       --add-opens=java.base/java.io=ALL-UNNAMED
27-Jan-2021 17:40:17.085 情報 [main] org.apache.catalina.startup.VersionLoggerListener.log コマンドライン引数:       --add-opens=java.rmi/sun.rmi.transport=ALL-UNNAMED
27-Jan-2021 17:40:17.085 情報 [main] org.apache.catalina.startup.VersionLoggerListener.log コマンドライン引数:       -Djava.util.logging.config.file=D:\WorkSpace\2020\apache-tomcat-9.0.41\conf\logging.properties
27-Jan-2021 17:40:17.086 情報 [main] org.apache.catalina.startup.VersionLoggerListener.log コマンドライン引数:       -Djava.util.logging.manager=org.apache.juli.ClassLoaderLogManager
27-Jan-2021 17:40:17.086 情報 [main] org.apache.catalina.startup.VersionLoggerListener.log コマンドライン引数:       -Djdk.tls.ephemeralDHKeySize=2048
27-Jan-2021 17:40:17.086 情報 [main] org.apache.catalina.startup.VersionLoggerListener.log コマンドライン引数:       -Djava.protocol.handler.pkgs=org.apache.catalina.webresources
27-Jan-2021 17:40:17.087 情報 [main] org.apache.catalina.startup.VersionLoggerListener.log コマンドライン引数:       -agentpath:D:\WorkSpace\2020\JISDLab\JISD\lib\ProbeJ_ex.dll=D:\WorkSpace\2020\JISDLab\JISD\lib\options_none:39876
27-Jan-2021 17:40:17.088 情報 [main] org.apache.catalina.startup.VersionLoggerListener.log コマンドライン引数:       -Dignore.endorsed.dirs=
27-Jan-2021 17:40:17.088 情報 [main] org.apache.catalina.startup.VersionLoggerListener.log コマンドライン引数:       -Dcatalina.base=D:\WorkSpace\2020\apache-tomcat-9.0.41
27-Jan-2021 17:40:17.088 情報 [main] org.apache.catalina.startup.VersionLoggerListener.log コマンドライン引数:       -Dcatalina.home=D:\WorkSpace\2020\apache-tomcat-9.0.41
27-Jan-2021 17:40:17.089 情報 [main] org.apache.catalina.startup.VersionLoggerListener.log コマンドライン引数:       -Djava.io.tmpdir=D:\WorkSpace\2020\apache-tomcat-9.0.41\temp
27-Jan-2021 17:40:17.185 情報 [main] org.apache.catalina.core.AprLifecycleListener.lifecycleEvent APRバージョン[1.7.0]を使用してAPRベースのApache Tomcatネイティブライブラリ[1.2.25]をロードしました。
27-Jan-2021 17:40:17.186 情報 [main] org.apache.catalina.core.AprLifecycleListener.lifecycleEvent APR機能：IPv6 [true]、sendfile true]、受け入れフィルタ[false]、ランダム[true]
27-Jan-2021 17:40:17.192 情報 [main] org.apache.catalina.core.AprLifecycleListener.lifecycleEvent APR/OpenSSL設定：useAprConnector [false]、useOpenSSL [true]
27-Jan-2021 17:40:17.250 情報 [main] org.apache.catalina.core.AprLifecycleListener.initializeSSL OpenSSLは[OpenSSL 1.1.1g  21 Apr 2020]を正常に初期化しました。
27-Jan-2021 17:40:17.553 情報 [main] org.apache.coyote.AbstractProtocol.init プロトコルハンドラ ["http-nio-8080"] を初期化します。
27-Jan-2021 17:40:17.797 情報 [main] org.apache.catalina.startup.Catalina.load サーバーの初期化 [963]ms
27-Jan-2021 17:40:17.880 情報 [main] org.apache.catalina.core.StandardService.startInternal サービス [Catalina] を起動します
27-Jan-2021 17:40:17.880 情報 [main] org.apache.catalina.core.StandardEngine.startInternal サーブレットエンジンの起動：[Apache Tomcat/9.0.41]
27-Jan-2021 17:40:17.927 情報 [main] org.apache.catalina.startup.HostConfig.deployWAR Webアプリケーションアーカイブ [D:\WorkSpace\2020\apache-tomcat-9.0.41\webapps\TomcatDemo-0.0.1.war] を配備します
27-Jan-2021 17:40:19.089 情報 [main] org.apache.jasper.servlet.TldScanner.scanJars 少なくとも1つのJARが、まだTLDを含んでいないTLDについてスキャンされました。 スキャンしたが、そこにTLDが見つからなかったJARの完全なリストについては、このロガーのデバッグログを有効にしてください。 スキャン中に不要なJARをスキップすると、起動時間とJSPのコンパイル時間が改善されます。
27-Jan-2021 17:40:19.313 警告 [main] org.apache.catalina.util.SessionIdGeneratorBase.createSecureRandom セッション ID を生成するための SecureRandom インスタンスの作成に [196] ミリ秒かかりました。アルゴリズムは [SHA1PRNG] です。
27-Jan-2021 17:40:19.460 情報 [main] org.apache.catalina.startup.HostConfig.deployWAR Web アプリケーションアーカイブ [D:\WorkSpace\2020\apache-tomcat-9.0.41\webapps\TomcatDemo-0.0.1.war] の配備は [1,533] ms で完了しました。
27-Jan-2021 17:40:19.461 情報 [main] org.apache.catalina.startup.HostConfig.deployDirectory Webアプリケーションディレクトリ [D:\WorkSpace\2020\apache-tomcat-9.0.41\webapps\docs] を配備します
27-Jan-2021 17:40:19.500 情報 [main] org.apache.catalina.startup.HostConfig.deployDirectory ディレクトリ [D:\WorkSpace\2020\apache-tomcat-9.0.41\webapps\docs] の Web アプリケーションの配備は [39] ms で完了しました。
27-Jan-2021 17:40:19.500 情報 [main] org.apache.catalina.startup.HostConfig.deployDirectory Webアプリケーションディレクトリ [D:\WorkSpace\2020\apache-tomcat-9.0.41\webapps\examples] を配備します
27-Jan-2021 17:40:20.324 情報 [main] org.apache.catalina.startup.HostConfig.deployDirectory ディレクトリ [D:\WorkSpace\2020\apache-tomcat-9.0.41\webapps\examples] の Web アプリケーションの配備は [823] ms で完了しました。
27-Jan-2021 17:40:20.324 情報 [main] org.apache.catalina.startup.HostConfig.deployDirectory Webアプリケーションディレクトリ [D:\WorkSpace\2020\apache-tomcat-9.0.41\webapps\host-manager] を配備します
27-Jan-2021 17:40:20.363 情報 [main] org.apache.catalina.startup.HostConfig.deployDirectory ディレクトリ [D:\WorkSpace\2020\apache-tomcat-9.0.41\webapps\host-manager] の Web アプリケーションの配備は [39] ms で完了しました。
27-Jan-2021 17:40:20.364 情報 [main] org.apache.catalina.startup.HostConfig.deployDirectory Webアプリケーションディレクトリ [D:\WorkSpace\2020\apache-tomcat-9.0.41\webapps\manager] を配備します
27-Jan-2021 17:40:20.410 情報 [main] org.apache.catalina.startup.HostConfig.deployDirectory ディレクトリ [D:\WorkSpace\2020\apache-tomcat-9.0.41\webapps\manager] の Web アプリケーションの配備は [47] ms で完了しました。
27-Jan-2021 17:40:20.411 情報 [main] org.apache.catalina.startup.HostConfig.deployDirectory Webアプリケーションディレクトリ [D:\WorkSpace\2020\apache-tomcat-9.0.41\webapps\ROOT] を配備します
27-Jan-2021 17:40:20.444 情報 [main] org.apache.catalina.startup.HostConfig.deployDirectory ディレクトリ [D:\WorkSpace\2020\apache-tomcat-9.0.41\webapps\ROOT] の Web アプリケーションの配備は [33] ms で完了しました。
27-Jan-2021 17:40:20.449 情報 [main] org.apache.coyote.AbstractProtocol.start プロトコルハンドラー ["http-nio-8080"] を開始しました。
27-Jan-2021 17:40:20.459 情報 [main] org.apache.catalina.startup.Catalina.start サーバーの起動 [2661]ms
