04-Feb-2021 23:13:26.587 情報 [main] org.apache.catalina.startup.VersionLoggerListener.log Serverのバージョン名:     Apache Tomcat/9.0.41
04-Feb-2021 23:13:26.597 情報 [main] org.apache.catalina.startup.VersionLoggerListener.log Server ビルド:            Dec 3 2020 11:43:00 UTC
04-Feb-2021 23:13:26.600 情報 [main] org.apache.catalina.startup.VersionLoggerListener.log サーバーのバージョン番号: 9.0.41.0
04-Feb-2021 23:13:26.600 情報 [main] org.apache.catalina.startup.VersionLoggerListener.log OS 名:                    Windows 10
04-Feb-2021 23:13:26.600 情報 [main] org.apache.catalina.startup.VersionLoggerListener.log OS バージョン:            10.0
04-Feb-2021 23:13:26.600 情報 [main] org.apache.catalina.startup.VersionLoggerListener.log アーキテクチャ:           amd64
04-Feb-2021 23:13:26.601 情報 [main] org.apache.catalina.startup.VersionLoggerListener.log Java Home:                C:\Program Files\Java\jdk-11.0.8
04-Feb-2021 23:13:26.601 情報 [main] org.apache.catalina.startup.VersionLoggerListener.log JVM バージョン:           11.0.8+10-LTS
04-Feb-2021 23:13:26.601 情報 [main] org.apache.catalina.startup.VersionLoggerListener.log JVM ベンダ:               Oracle Corporation
04-Feb-2021 23:13:26.601 情報 [main] org.apache.catalina.startup.VersionLoggerListener.log CATALINA_BASE:            D:\WorkSpace\2020\apache-tomcat-9.0.41
04-Feb-2021 23:13:26.601 情報 [main] org.apache.catalina.startup.VersionLoggerListener.log CATALINA_HOME:            D:\WorkSpace\2020\apache-tomcat-9.0.41
04-Feb-2021 23:13:26.607 情報 [main] org.apache.catalina.startup.VersionLoggerListener.log コマンドライン引数:       --add-opens=java.base/java.lang=ALL-UNNAMED
04-Feb-2021 23:13:26.608 情報 [main] org.apache.catalina.startup.VersionLoggerListener.log コマンドライン引数:       --add-opens=java.base/java.io=ALL-UNNAMED
04-Feb-2021 23:13:26.608 情報 [main] org.apache.catalina.startup.VersionLoggerListener.log コマンドライン引数:       --add-opens=java.rmi/sun.rmi.transport=ALL-UNNAMED
04-Feb-2021 23:13:26.608 情報 [main] org.apache.catalina.startup.VersionLoggerListener.log コマンドライン引数:       -Djava.util.logging.config.file=D:\WorkSpace\2020\apache-tomcat-9.0.41\conf\logging.properties
04-Feb-2021 23:13:26.609 情報 [main] org.apache.catalina.startup.VersionLoggerListener.log コマンドライン引数:       -Djava.util.logging.manager=org.apache.juli.ClassLoaderLogManager
04-Feb-2021 23:13:26.609 情報 [main] org.apache.catalina.startup.VersionLoggerListener.log コマンドライン引数:       -Djdk.tls.ephemeralDHKeySize=2048
04-Feb-2021 23:13:26.609 情報 [main] org.apache.catalina.startup.VersionLoggerListener.log コマンドライン引数:       -Djava.protocol.handler.pkgs=org.apache.catalina.webresources
04-Feb-2021 23:13:26.610 情報 [main] org.apache.catalina.startup.VersionLoggerListener.log コマンドライン引数:       -agentpath:D:\WorkSpace\2020\JISDLab\JISD\lib\ProbeJ_ex.dll=D:\WorkSpace\2020\JISDLab\JISD\lib\options_none:39876
04-Feb-2021 23:13:26.610 情報 [main] org.apache.catalina.startup.VersionLoggerListener.log コマンドライン引数:       -Dignore.endorsed.dirs=
04-Feb-2021 23:13:26.611 情報 [main] org.apache.catalina.startup.VersionLoggerListener.log コマンドライン引数:       -Dcatalina.base=D:\WorkSpace\2020\apache-tomcat-9.0.41
04-Feb-2021 23:13:26.611 情報 [main] org.apache.catalina.startup.VersionLoggerListener.log コマンドライン引数:       -Dcatalina.home=D:\WorkSpace\2020\apache-tomcat-9.0.41
04-Feb-2021 23:13:26.611 情報 [main] org.apache.catalina.startup.VersionLoggerListener.log コマンドライン引数:       -Djava.io.tmpdir=D:\WorkSpace\2020\apache-tomcat-9.0.41\temp
04-Feb-2021 23:13:26.742 情報 [main] org.apache.catalina.core.AprLifecycleListener.lifecycleEvent APRバージョン[1.7.0]を使用してAPRベースのApache Tomcatネイティブライブラリ[1.2.25]をロードしました。
04-Feb-2021 23:13:26.743 情報 [main] org.apache.catalina.core.AprLifecycleListener.lifecycleEvent APR機能：IPv6 [true]、sendfile true]、受け入れフィルタ[false]、ランダム[true]
04-Feb-2021 23:13:26.746 情報 [main] org.apache.catalina.core.AprLifecycleListener.lifecycleEvent APR/OpenSSL設定：useAprConnector [false]、useOpenSSL [true]
04-Feb-2021 23:13:26.827 情報 [main] org.apache.catalina.core.AprLifecycleListener.initializeSSL OpenSSLは[OpenSSL 1.1.1g  21 Apr 2020]を正常に初期化しました。
04-Feb-2021 23:13:27.127 情報 [main] org.apache.coyote.AbstractProtocol.init プロトコルハンドラ ["http-nio-8080"] を初期化します。
04-Feb-2021 23:13:27.379 情報 [main] org.apache.catalina.startup.Catalina.load サーバーの初期化 [1040]ms
04-Feb-2021 23:13:27.466 情報 [main] org.apache.catalina.core.StandardService.startInternal サービス [Catalina] を起動します
04-Feb-2021 23:13:27.467 情報 [main] org.apache.catalina.core.StandardEngine.startInternal サーブレットエンジンの起動：[Apache Tomcat/9.0.41]
04-Feb-2021 23:13:27.605 情報 [main] org.apache.catalina.startup.HostConfig.deployWAR Webアプリケーションアーカイブ [D:\WorkSpace\2020\apache-tomcat-9.0.41\webapps\TomcatDemo-0.0.1.war] を配備します
04-Feb-2021 23:13:29.068 情報 [main] org.apache.jasper.servlet.TldScanner.scanJars 少なくとも1つのJARが、まだTLDを含んでいないTLDについてスキャンされました。 スキャンしたが、そこにTLDが見つからなかったJARの完全なリストについては、このロガーのデバッグログを有効にしてください。 スキャン中に不要なJARをスキップすると、起動時間とJSPのコンパイル時間が改善されます。
04-Feb-2021 23:13:29.278 警告 [main] org.apache.catalina.util.SessionIdGeneratorBase.createSecureRandom セッション ID を生成するための SecureRandom インスタンスの作成に [187] ミリ秒かかりました。アルゴリズムは [SHA1PRNG] です。
04-Feb-2021 23:13:29.486 情報 [main] org.apache.catalina.startup.HostConfig.deployWAR Web アプリケーションアーカイブ [D:\WorkSpace\2020\apache-tomcat-9.0.41\webapps\TomcatDemo-0.0.1.war] の配備は [1,881] ms で完了しました。
04-Feb-2021 23:13:29.489 情報 [main] org.apache.catalina.startup.HostConfig.deployDirectory Webアプリケーションディレクトリ [D:\WorkSpace\2020\apache-tomcat-9.0.41\webapps\docs] を配備します
04-Feb-2021 23:13:29.562 情報 [main] org.apache.catalina.startup.HostConfig.deployDirectory ディレクトリ [D:\WorkSpace\2020\apache-tomcat-9.0.41\webapps\docs] の Web アプリケーションの配備は [74] ms で完了しました。
04-Feb-2021 23:13:29.563 情報 [main] org.apache.catalina.startup.HostConfig.deployDirectory Webアプリケーションディレクトリ [D:\WorkSpace\2020\apache-tomcat-9.0.41\webapps\examples] を配備します
04-Feb-2021 23:13:30.770 情報 [main] org.apache.catalina.startup.HostConfig.deployDirectory ディレクトリ [D:\WorkSpace\2020\apache-tomcat-9.0.41\webapps\examples] の Web アプリケーションの配備は [1,207] ms で完了しました。
04-Feb-2021 23:13:30.770 情報 [main] org.apache.catalina.startup.HostConfig.deployDirectory Webアプリケーションディレクトリ [D:\WorkSpace\2020\apache-tomcat-9.0.41\webapps\host-manager] を配備します
04-Feb-2021 23:13:30.814 情報 [main] org.apache.catalina.startup.HostConfig.deployDirectory ディレクトリ [D:\WorkSpace\2020\apache-tomcat-9.0.41\webapps\host-manager] の Web アプリケーションの配備は [43] ms で完了しました。
04-Feb-2021 23:13:30.814 情報 [main] org.apache.catalina.startup.HostConfig.deployDirectory Webアプリケーションディレクトリ [D:\WorkSpace\2020\apache-tomcat-9.0.41\webapps\manager] を配備します
04-Feb-2021 23:13:30.859 情報 [main] org.apache.catalina.startup.HostConfig.deployDirectory ディレクトリ [D:\WorkSpace\2020\apache-tomcat-9.0.41\webapps\manager] の Web アプリケーションの配備は [45] ms で完了しました。
04-Feb-2021 23:13:30.859 情報 [main] org.apache.catalina.startup.HostConfig.deployDirectory Webアプリケーションディレクトリ [D:\WorkSpace\2020\apache-tomcat-9.0.41\webapps\ROOT] を配備します
04-Feb-2021 23:13:30.891 情報 [main] org.apache.catalina.startup.HostConfig.deployDirectory ディレクトリ [D:\WorkSpace\2020\apache-tomcat-9.0.41\webapps\ROOT] の Web アプリケーションの配備は [32] ms で完了しました。
04-Feb-2021 23:13:30.895 情報 [main] org.apache.coyote.AbstractProtocol.start プロトコルハンドラー ["http-nio-8080"] を開始しました。
04-Feb-2021 23:13:30.906 情報 [main] org.apache.catalina.startup.Catalina.start サーバーの起動 [3526]ms
