28-Feb-2021 02:12:13.838 情報 [main] org.apache.catalina.startup.VersionLoggerListener.log Serverのバージョン名:     Apache Tomcat/9.0.41
28-Feb-2021 02:12:13.843 情報 [main] org.apache.catalina.startup.VersionLoggerListener.log Server ビルド:            Dec 3 2020 11:43:00 UTC
28-Feb-2021 02:12:13.845 情報 [main] org.apache.catalina.startup.VersionLoggerListener.log サーバーのバージョン番号: 9.0.41.0
28-Feb-2021 02:12:13.845 情報 [main] org.apache.catalina.startup.VersionLoggerListener.log OS 名:                    Windows 10
28-Feb-2021 02:12:13.845 情報 [main] org.apache.catalina.startup.VersionLoggerListener.log OS バージョン:            10.0
28-Feb-2021 02:12:13.846 情報 [main] org.apache.catalina.startup.VersionLoggerListener.log アーキテクチャ:           amd64
28-Feb-2021 02:12:13.846 情報 [main] org.apache.catalina.startup.VersionLoggerListener.log Java Home:                C:\Program Files\Java\jdk-11.0.8
28-Feb-2021 02:12:13.846 情報 [main] org.apache.catalina.startup.VersionLoggerListener.log JVM バージョン:           11.0.8+10-LTS
28-Feb-2021 02:12:13.846 情報 [main] org.apache.catalina.startup.VersionLoggerListener.log JVM ベンダ:               Oracle Corporation
28-Feb-2021 02:12:13.846 情報 [main] org.apache.catalina.startup.VersionLoggerListener.log CATALINA_BASE:            D:\WorkSpace\2020\apache-tomcat-9.0.41
28-Feb-2021 02:12:13.847 情報 [main] org.apache.catalina.startup.VersionLoggerListener.log CATALINA_HOME:            D:\WorkSpace\2020\apache-tomcat-9.0.41
28-Feb-2021 02:12:13.862 情報 [main] org.apache.catalina.startup.VersionLoggerListener.log コマンドライン引数:       --add-opens=java.base/java.lang=ALL-UNNAMED
28-Feb-2021 02:12:13.862 情報 [main] org.apache.catalina.startup.VersionLoggerListener.log コマンドライン引数:       --add-opens=java.base/java.io=ALL-UNNAMED
28-Feb-2021 02:12:13.862 情報 [main] org.apache.catalina.startup.VersionLoggerListener.log コマンドライン引数:       --add-opens=java.rmi/sun.rmi.transport=ALL-UNNAMED
28-Feb-2021 02:12:13.863 情報 [main] org.apache.catalina.startup.VersionLoggerListener.log コマンドライン引数:       -Djava.util.logging.config.file=D:\WorkSpace\2020\apache-tomcat-9.0.41\conf\logging.properties
28-Feb-2021 02:12:13.863 情報 [main] org.apache.catalina.startup.VersionLoggerListener.log コマンドライン引数:       -Djava.util.logging.manager=org.apache.juli.ClassLoaderLogManager
28-Feb-2021 02:12:13.863 情報 [main] org.apache.catalina.startup.VersionLoggerListener.log コマンドライン引数:       -Djdk.tls.ephemeralDHKeySize=2048
28-Feb-2021 02:12:13.864 情報 [main] org.apache.catalina.startup.VersionLoggerListener.log コマンドライン引数:       -Djava.protocol.handler.pkgs=org.apache.catalina.webresources
28-Feb-2021 02:12:13.864 情報 [main] org.apache.catalina.startup.VersionLoggerListener.log コマンドライン引数:       -agentpath:D:\WorkSpace\2020\JISDLab\JISD\lib\ProbeJ_ex.dll=D:\WorkSpace\2020\JISDLab\JISD\lib\options_none:39876
28-Feb-2021 02:12:13.865 情報 [main] org.apache.catalina.startup.VersionLoggerListener.log コマンドライン引数:       -Dignore.endorsed.dirs=
28-Feb-2021 02:12:13.865 情報 [main] org.apache.catalina.startup.VersionLoggerListener.log コマンドライン引数:       -Dcatalina.base=D:\WorkSpace\2020\apache-tomcat-9.0.41
28-Feb-2021 02:12:13.865 情報 [main] org.apache.catalina.startup.VersionLoggerListener.log コマンドライン引数:       -Dcatalina.home=D:\WorkSpace\2020\apache-tomcat-9.0.41
28-Feb-2021 02:12:13.866 情報 [main] org.apache.catalina.startup.VersionLoggerListener.log コマンドライン引数:       -Djava.io.tmpdir=D:\WorkSpace\2020\apache-tomcat-9.0.41\temp
28-Feb-2021 02:12:13.976 情報 [main] org.apache.catalina.core.AprLifecycleListener.lifecycleEvent APRバージョン[1.7.0]を使用してAPRベースのApache Tomcatネイティブライブラリ[1.2.25]をロードしました。
28-Feb-2021 02:12:13.976 情報 [main] org.apache.catalina.core.AprLifecycleListener.lifecycleEvent APR機能：IPv6 [true]、sendfile true]、受け入れフィルタ[false]、ランダム[true]
28-Feb-2021 02:12:13.981 情報 [main] org.apache.catalina.core.AprLifecycleListener.lifecycleEvent APR/OpenSSL設定：useAprConnector [false]、useOpenSSL [true]
28-Feb-2021 02:12:14.060 情報 [main] org.apache.catalina.core.AprLifecycleListener.initializeSSL OpenSSLは[OpenSSL 1.1.1g  21 Apr 2020]を正常に初期化しました。
28-Feb-2021 02:12:14.327 情報 [main] org.apache.coyote.AbstractProtocol.init プロトコルハンドラ ["http-nio-8080"] を初期化します。
28-Feb-2021 02:12:14.565 情報 [main] org.apache.catalina.startup.Catalina.load サーバーの初期化 [1008]ms
28-Feb-2021 02:12:14.662 情報 [main] org.apache.catalina.core.StandardService.startInternal サービス [Catalina] を起動します
28-Feb-2021 02:12:14.663 情報 [main] org.apache.catalina.core.StandardEngine.startInternal サーブレットエンジンの起動：[Apache Tomcat/9.0.41]
28-Feb-2021 02:12:14.750 情報 [main] org.apache.catalina.startup.HostConfig.deployWAR Webアプリケーションアーカイブ [D:\WorkSpace\2020\apache-tomcat-9.0.41\webapps\TomcatDemo-0.0.1.war] を配備します
28-Feb-2021 02:12:15.939 情報 [main] org.apache.jasper.servlet.TldScanner.scanJars 少なくとも1つのJARが、まだTLDを含んでいないTLDについてスキャンされました。 スキャンしたが、そこにTLDが見つからなかったJARの完全なリストについては、このロガーのデバッグログを有効にしてください。 スキャン中に不要なJARをスキップすると、起動時間とJSPのコンパイル時間が改善されます。
28-Feb-2021 02:12:16.160 警告 [main] org.apache.catalina.util.SessionIdGeneratorBase.createSecureRandom セッション ID を生成するための SecureRandom インスタンスの作成に [195] ミリ秒かかりました。アルゴリズムは [SHA1PRNG] です。
28-Feb-2021 02:12:16.294 情報 [main] org.apache.catalina.startup.HostConfig.deployWAR Web アプリケーションアーカイブ [D:\WorkSpace\2020\apache-tomcat-9.0.41\webapps\TomcatDemo-0.0.1.war] の配備は [1,544] ms で完了しました。
28-Feb-2021 02:12:16.295 情報 [main] org.apache.catalina.startup.HostConfig.deployDirectory Webアプリケーションディレクトリ [D:\WorkSpace\2020\apache-tomcat-9.0.41\webapps\docs] を配備します
28-Feb-2021 02:12:16.357 情報 [main] org.apache.catalina.startup.HostConfig.deployDirectory ディレクトリ [D:\WorkSpace\2020\apache-tomcat-9.0.41\webapps\docs] の Web アプリケーションの配備は [62] ms で完了しました。
28-Feb-2021 02:12:16.358 情報 [main] org.apache.catalina.startup.HostConfig.deployDirectory Webアプリケーションディレクトリ [D:\WorkSpace\2020\apache-tomcat-9.0.41\webapps\examples] を配備します
28-Feb-2021 02:12:17.365 情報 [main] org.apache.catalina.startup.HostConfig.deployDirectory ディレクトリ [D:\WorkSpace\2020\apache-tomcat-9.0.41\webapps\examples] の Web アプリケーションの配備は [1,007] ms で完了しました。
28-Feb-2021 02:12:17.366 情報 [main] org.apache.catalina.startup.HostConfig.deployDirectory Webアプリケーションディレクトリ [D:\WorkSpace\2020\apache-tomcat-9.0.41\webapps\host-manager] を配備します
28-Feb-2021 02:12:17.418 情報 [main] org.apache.catalina.startup.HostConfig.deployDirectory ディレクトリ [D:\WorkSpace\2020\apache-tomcat-9.0.41\webapps\host-manager] の Web アプリケーションの配備は [51] ms で完了しました。
28-Feb-2021 02:12:17.419 情報 [main] org.apache.catalina.startup.HostConfig.deployDirectory Webアプリケーションディレクトリ [D:\WorkSpace\2020\apache-tomcat-9.0.41\webapps\manager] を配備します
28-Feb-2021 02:12:17.473 情報 [main] org.apache.catalina.startup.HostConfig.deployDirectory ディレクトリ [D:\WorkSpace\2020\apache-tomcat-9.0.41\webapps\manager] の Web アプリケーションの配備は [54] ms で完了しました。
28-Feb-2021 02:12:17.473 情報 [main] org.apache.catalina.startup.HostConfig.deployDirectory Webアプリケーションディレクトリ [D:\WorkSpace\2020\apache-tomcat-9.0.41\webapps\ROOT] を配備します
28-Feb-2021 02:12:17.509 情報 [main] org.apache.catalina.startup.HostConfig.deployDirectory ディレクトリ [D:\WorkSpace\2020\apache-tomcat-9.0.41\webapps\ROOT] の Web アプリケーションの配備は [36] ms で完了しました。
28-Feb-2021 02:12:17.515 情報 [main] org.apache.coyote.AbstractProtocol.start プロトコルハンドラー ["http-nio-8080"] を開始しました。
28-Feb-2021 02:12:17.527 情報 [main] org.apache.catalina.startup.Catalina.start サーバーの起動 [2960]ms
28-Feb-2021 02:12:35.144 情報 [Thread-3] org.apache.coyote.AbstractProtocol.pause ProtocolHandler ["http-nio-8080"] を一時停止します。
28-Feb-2021 02:12:35.324 情報 [Thread-3] org.apache.catalina.core.StandardService.stopInternal サービス [Catalina] を停止します
28-Feb-2021 02:12:35.365 情報 [Thread-3] org.apache.coyote.AbstractProtocol.stop ProtocolHandler ["http-nio-8080"]の停止中
28-Feb-2021 02:12:35.375 情報 [Thread-3] org.apache.coyote.AbstractProtocol.destroy ProtocolHandler ["http-nio-8080"] を破棄します。
28-Feb-2021 02:12:51.579 情報 [main] org.apache.catalina.startup.VersionLoggerListener.log Serverのバージョン名:     Apache Tomcat/9.0.41
28-Feb-2021 02:12:51.584 情報 [main] org.apache.catalina.startup.VersionLoggerListener.log Server ビルド:            Dec 3 2020 11:43:00 UTC
28-Feb-2021 02:12:51.585 情報 [main] org.apache.catalina.startup.VersionLoggerListener.log サーバーのバージョン番号: 9.0.41.0
28-Feb-2021 02:12:51.585 情報 [main] org.apache.catalina.startup.VersionLoggerListener.log OS 名:                    Windows 10
28-Feb-2021 02:12:51.585 情報 [main] org.apache.catalina.startup.VersionLoggerListener.log OS バージョン:            10.0
28-Feb-2021 02:12:51.585 情報 [main] org.apache.catalina.startup.VersionLoggerListener.log アーキテクチャ:           amd64
28-Feb-2021 02:12:51.585 情報 [main] org.apache.catalina.startup.VersionLoggerListener.log Java Home:                C:\Program Files\Java\jdk-11.0.8
28-Feb-2021 02:12:51.586 情報 [main] org.apache.catalina.startup.VersionLoggerListener.log JVM バージョン:           11.0.8+10-LTS
28-Feb-2021 02:12:51.586 情報 [main] org.apache.catalina.startup.VersionLoggerListener.log JVM ベンダ:               Oracle Corporation
28-Feb-2021 02:12:51.586 情報 [main] org.apache.catalina.startup.VersionLoggerListener.log CATALINA_BASE:            D:\WorkSpace\2020\apache-tomcat-9.0.41
28-Feb-2021 02:12:51.586 情報 [main] org.apache.catalina.startup.VersionLoggerListener.log CATALINA_HOME:            D:\WorkSpace\2020\apache-tomcat-9.0.41
28-Feb-2021 02:12:51.596 情報 [main] org.apache.catalina.startup.VersionLoggerListener.log コマンドライン引数:       --add-opens=java.base/java.lang=ALL-UNNAMED
28-Feb-2021 02:12:51.596 情報 [main] org.apache.catalina.startup.VersionLoggerListener.log コマンドライン引数:       --add-opens=java.base/java.io=ALL-UNNAMED
28-Feb-2021 02:12:51.597 情報 [main] org.apache.catalina.startup.VersionLoggerListener.log コマンドライン引数:       --add-opens=java.rmi/sun.rmi.transport=ALL-UNNAMED
28-Feb-2021 02:12:51.597 情報 [main] org.apache.catalina.startup.VersionLoggerListener.log コマンドライン引数:       -Djava.util.logging.config.file=D:\WorkSpace\2020\apache-tomcat-9.0.41\conf\logging.properties
28-Feb-2021 02:12:51.600 情報 [main] org.apache.catalina.startup.VersionLoggerListener.log コマンドライン引数:       -Djava.util.logging.manager=org.apache.juli.ClassLoaderLogManager
28-Feb-2021 02:12:51.604 情報 [main] org.apache.catalina.startup.VersionLoggerListener.log コマンドライン引数:       -Djdk.tls.ephemeralDHKeySize=2048
28-Feb-2021 02:12:51.604 情報 [main] org.apache.catalina.startup.VersionLoggerListener.log コマンドライン引数:       -Djava.protocol.handler.pkgs=org.apache.catalina.webresources
28-Feb-2021 02:12:51.604 情報 [main] org.apache.catalina.startup.VersionLoggerListener.log コマンドライン引数:       -agentlib:jdwp=transport=dt_socket,address=localhost:25432,server=y,suspend=n
28-Feb-2021 02:12:51.605 情報 [main] org.apache.catalina.startup.VersionLoggerListener.log コマンドライン引数:       -Dignore.endorsed.dirs=
28-Feb-2021 02:12:51.606 情報 [main] org.apache.catalina.startup.VersionLoggerListener.log コマンドライン引数:       -Dcatalina.base=D:\WorkSpace\2020\apache-tomcat-9.0.41
28-Feb-2021 02:12:51.606 情報 [main] org.apache.catalina.startup.VersionLoggerListener.log コマンドライン引数:       -Dcatalina.home=D:\WorkSpace\2020\apache-tomcat-9.0.41
28-Feb-2021 02:12:51.606 情報 [main] org.apache.catalina.startup.VersionLoggerListener.log コマンドライン引数:       -Djava.io.tmpdir=D:\WorkSpace\2020\apache-tomcat-9.0.41\temp
28-Feb-2021 02:12:51.610 情報 [main] org.apache.catalina.core.AprLifecycleListener.lifecycleEvent APRバージョン[1.7.0]を使用してAPRベースのApache Tomcatネイティブライブラリ[1.2.25]をロードしました。
28-Feb-2021 02:12:51.610 情報 [main] org.apache.catalina.core.AprLifecycleListener.lifecycleEvent APR機能：IPv6 [true]、sendfile true]、受け入れフィルタ[false]、ランダム[true]
28-Feb-2021 02:12:51.611 情報 [main] org.apache.catalina.core.AprLifecycleListener.lifecycleEvent APR/OpenSSL設定：useAprConnector [false]、useOpenSSL [true]
28-Feb-2021 02:12:51.616 情報 [main] org.apache.catalina.core.AprLifecycleListener.initializeSSL OpenSSLは[OpenSSL 1.1.1g  21 Apr 2020]を正常に初期化しました。
28-Feb-2021 02:12:51.850 情報 [main] org.apache.coyote.AbstractProtocol.init プロトコルハンドラ ["http-nio-8080"] を初期化します。
28-Feb-2021 02:12:52.079 情報 [main] org.apache.catalina.startup.Catalina.load サーバーの初期化 [689]ms
28-Feb-2021 02:12:52.128 情報 [main] org.apache.catalina.core.StandardService.startInternal サービス [Catalina] を起動します
28-Feb-2021 02:12:52.129 情報 [main] org.apache.catalina.core.StandardEngine.startInternal サーブレットエンジンの起動：[Apache Tomcat/9.0.41]
28-Feb-2021 02:12:52.152 情報 [main] org.apache.catalina.startup.HostConfig.deployWAR Webアプリケーションアーカイブ [D:\WorkSpace\2020\apache-tomcat-9.0.41\webapps\TomcatDemo-0.0.1.war] を配備します
28-Feb-2021 02:12:52.863 情報 [main] org.apache.jasper.servlet.TldScanner.scanJars 少なくとも1つのJARが、まだTLDを含んでいないTLDについてスキャンされました。 スキャンしたが、そこにTLDが見つからなかったJARの完全なリストについては、このロガーのデバッグログを有効にしてください。 スキャン中に不要なJARをスキップすると、起動時間とJSPのコンパイル時間が改善されます。
28-Feb-2021 02:12:53.082 警告 [main] org.apache.catalina.util.SessionIdGeneratorBase.createSecureRandom セッション ID を生成するための SecureRandom インスタンスの作成に [193] ミリ秒かかりました。アルゴリズムは [SHA1PRNG] です。
28-Feb-2021 02:12:53.165 情報 [main] org.apache.catalina.startup.HostConfig.deployWAR Web アプリケーションアーカイブ [D:\WorkSpace\2020\apache-tomcat-9.0.41\webapps\TomcatDemo-0.0.1.war] の配備は [1,014] ms で完了しました。
28-Feb-2021 02:12:53.166 情報 [main] org.apache.catalina.startup.HostConfig.deployDirectory Webアプリケーションディレクトリ [D:\WorkSpace\2020\apache-tomcat-9.0.41\webapps\docs] を配備します
28-Feb-2021 02:12:53.200 情報 [main] org.apache.catalina.startup.HostConfig.deployDirectory ディレクトリ [D:\WorkSpace\2020\apache-tomcat-9.0.41\webapps\docs] の Web アプリケーションの配備は [34] ms で完了しました。
28-Feb-2021 02:12:53.200 情報 [main] org.apache.catalina.startup.HostConfig.deployDirectory Webアプリケーションディレクトリ [D:\WorkSpace\2020\apache-tomcat-9.0.41\webapps\examples] を配備します
28-Feb-2021 02:12:53.619 情報 [main] org.apache.catalina.startup.HostConfig.deployDirectory ディレクトリ [D:\WorkSpace\2020\apache-tomcat-9.0.41\webapps\examples] の Web アプリケーションの配備は [418] ms で完了しました。
28-Feb-2021 02:12:53.619 情報 [main] org.apache.catalina.startup.HostConfig.deployDirectory Webアプリケーションディレクトリ [D:\WorkSpace\2020\apache-tomcat-9.0.41\webapps\host-manager] を配備します
28-Feb-2021 02:12:53.662 情報 [main] org.apache.catalina.startup.HostConfig.deployDirectory ディレクトリ [D:\WorkSpace\2020\apache-tomcat-9.0.41\webapps\host-manager] の Web アプリケーションの配備は [43] ms で完了しました。
28-Feb-2021 02:12:53.663 情報 [main] org.apache.catalina.startup.HostConfig.deployDirectory Webアプリケーションディレクトリ [D:\WorkSpace\2020\apache-tomcat-9.0.41\webapps\manager] を配備します
28-Feb-2021 02:12:53.696 情報 [main] org.apache.catalina.startup.HostConfig.deployDirectory ディレクトリ [D:\WorkSpace\2020\apache-tomcat-9.0.41\webapps\manager] の Web アプリケーションの配備は [33] ms で完了しました。
28-Feb-2021 02:12:53.696 情報 [main] org.apache.catalina.startup.HostConfig.deployDirectory Webアプリケーションディレクトリ [D:\WorkSpace\2020\apache-tomcat-9.0.41\webapps\ROOT] を配備します
28-Feb-2021 02:12:53.733 情報 [main] org.apache.catalina.startup.HostConfig.deployDirectory ディレクトリ [D:\WorkSpace\2020\apache-tomcat-9.0.41\webapps\ROOT] の Web アプリケーションの配備は [37] ms で完了しました。
28-Feb-2021 02:12:53.739 情報 [main] org.apache.coyote.AbstractProtocol.start プロトコルハンドラー ["http-nio-8080"] を開始しました。
28-Feb-2021 02:12:53.749 情報 [main] org.apache.catalina.startup.Catalina.start サーバーの起動 [1669]ms
28-Feb-2021 02:24:03.573 情報 [Thread-3] org.apache.coyote.AbstractProtocol.pause ProtocolHandler ["http-nio-8080"] を一時停止します。
28-Feb-2021 02:24:03.751 情報 [Thread-3] org.apache.catalina.core.StandardService.stopInternal サービス [Catalina] を停止します
28-Feb-2021 02:24:03.779 情報 [Thread-3] org.apache.catalina.core.StandardWrapper.unload サーブレット [tomcatdemo.App] の [1] インスタンスが割り当て解除されるのを待機しています
28-Feb-2021 02:24:04.871 情報 [Thread-3] org.apache.catalina.core.StandardWrapper.unload サーブレット [tomcatdemo.App] の [1] インスタンスが割り当て解除されるのを待機しています
28-Feb-2021 02:24:05.957 情報 [Thread-3] org.apache.catalina.core.StandardWrapper.unload サーブレット [tomcatdemo.App] の [1] インスタンスが割り当て解除されるのを待機しています
28-Feb-2021 02:24:06.071 警告 [Thread-3] org.apache.catalina.loader.WebappClassLoaderBase.clearReferencesThreads Webアプリケーション[TomcatDemo-0.0.1]はまだ完了していないリクエストを処理しています。 これはメモリリークを引き起こす可能性が非常に高いです。 リクエストの終了時間は、StandardContext実装のunloadDelay属性を使用して制御できます。 陸絵鵜sと処理スレッドのスタックトレース：[
 tomcatdemo.App.doGet(App.java:18)
 javax.servlet.http.HttpServlet.service(HttpServlet.java:626)
 javax.servlet.http.HttpServlet.service(HttpServlet.java:733)
 org.apache.catalina.core.ApplicationFilterChain.internalDoFilter(ApplicationFilterChain.java:231)
 org.apache.catalina.core.ApplicationFilterChain.doFilter(ApplicationFilterChain.java:166)
 org.apache.tomcat.websocket.server.WsFilter.doFilter(WsFilter.java:53)
 org.apache.catalina.core.ApplicationFilterChain.internalDoFilter(ApplicationFilterChain.java:193)
 org.apache.catalina.core.ApplicationFilterChain.doFilter(ApplicationFilterChain.java:166)
 org.apache.catalina.core.StandardWrapperValve.invoke(StandardWrapperValve.java:202)
 org.apache.catalina.core.StandardContextValve.invoke(StandardContextValve.java:97)
 org.apache.catalina.authenticator.AuthenticatorBase.invoke(AuthenticatorBase.java:542)
 org.apache.catalina.core.StandardHostValve.invoke(StandardHostValve.java:143)
 org.apache.catalina.valves.ErrorReportValve.invoke(ErrorReportValve.java:92)
 org.apache.catalina.valves.AbstractAccessLogValve.invoke(AbstractAccessLogValve.java:690)
 org.apache.catalina.core.StandardEngineValve.invoke(StandardEngineValve.java:78)
 org.apache.catalina.connector.CoyoteAdapter.service(CoyoteAdapter.java:343)
 org.apache.coyote.http11.Http11Processor.service(Http11Processor.java:374)
 org.apache.coyote.AbstractProcessorLight.process(AbstractProcessorLight.java:65)
 org.apache.coyote.AbstractProtocol$ConnectionHandler.process(AbstractProtocol.java:888)
 org.apache.tomcat.util.net.NioEndpoint$SocketProcessor.doRun(NioEndpoint.java:1597)
 org.apache.tomcat.util.net.SocketProcessorBase.run(SocketProcessorBase.java:49)
 java.base@11.0.8/java.util.concurrent.ThreadPoolExecutor.runWorker(ThreadPoolExecutor.java:1128)
 java.base@11.0.8/java.util.concurrent.ThreadPoolExecutor$Worker.run(ThreadPoolExecutor.java:628)
 org.apache.tomcat.util.threads.TaskThread$WrappingRunnable.run(TaskThread.java:61)
 java.base@11.0.8/java.lang.Thread.run(Thread.java:834)]
28-Feb-2021 02:24:06.081 情報 [Thread-3] org.apache.coyote.AbstractProtocol.stop ProtocolHandler ["http-nio-8080"]の停止中
28-Feb-2021 02:24:11.094 警告 [Thread-3] org.apache.tomcat.util.net.AbstractEndpoint.shutdownExecutor スレッドプール [http-nio-8080] と関連付けられたエグゼキューターは完全に停止できませんでした。いくつかのアプリケーションスレッドはまだ動作し続けている可能性があります。
28-Feb-2021 02:24:11.097 情報 [Thread-3] org.apache.coyote.AbstractProtocol.destroy ProtocolHandler ["http-nio-8080"] を破棄します。
28-Feb-2021 02:24:22.535 情報 [main] org.apache.catalina.startup.VersionLoggerListener.log Serverのバージョン名:     Apache Tomcat/9.0.41
28-Feb-2021 02:24:22.539 情報 [main] org.apache.catalina.startup.VersionLoggerListener.log Server ビルド:            Dec 3 2020 11:43:00 UTC
28-Feb-2021 02:24:22.539 情報 [main] org.apache.catalina.startup.VersionLoggerListener.log サーバーのバージョン番号: 9.0.41.0
28-Feb-2021 02:24:22.539 情報 [main] org.apache.catalina.startup.VersionLoggerListener.log OS 名:                    Windows 10
28-Feb-2021 02:24:22.540 情報 [main] org.apache.catalina.startup.VersionLoggerListener.log OS バージョン:            10.0
28-Feb-2021 02:24:22.540 情報 [main] org.apache.catalina.startup.VersionLoggerListener.log アーキテクチャ:           amd64
28-Feb-2021 02:24:22.540 情報 [main] org.apache.catalina.startup.VersionLoggerListener.log Java Home:                C:\Program Files\Java\jdk-11.0.8
28-Feb-2021 02:24:22.540 情報 [main] org.apache.catalina.startup.VersionLoggerListener.log JVM バージョン:           11.0.8+10-LTS
28-Feb-2021 02:24:22.540 情報 [main] org.apache.catalina.startup.VersionLoggerListener.log JVM ベンダ:               Oracle Corporation
28-Feb-2021 02:24:22.541 情報 [main] org.apache.catalina.startup.VersionLoggerListener.log CATALINA_BASE:            D:\WorkSpace\2020\apache-tomcat-9.0.41
28-Feb-2021 02:24:22.541 情報 [main] org.apache.catalina.startup.VersionLoggerListener.log CATALINA_HOME:            D:\WorkSpace\2020\apache-tomcat-9.0.41
28-Feb-2021 02:24:22.551 情報 [main] org.apache.catalina.startup.VersionLoggerListener.log コマンドライン引数:       --add-opens=java.base/java.lang=ALL-UNNAMED
28-Feb-2021 02:24:22.552 情報 [main] org.apache.catalina.startup.VersionLoggerListener.log コマンドライン引数:       --add-opens=java.base/java.io=ALL-UNNAMED
28-Feb-2021 02:24:22.552 情報 [main] org.apache.catalina.startup.VersionLoggerListener.log コマンドライン引数:       --add-opens=java.rmi/sun.rmi.transport=ALL-UNNAMED
28-Feb-2021 02:24:22.552 情報 [main] org.apache.catalina.startup.VersionLoggerListener.log コマンドライン引数:       -Djava.util.logging.config.file=D:\WorkSpace\2020\apache-tomcat-9.0.41\conf\logging.properties
28-Feb-2021 02:24:22.553 情報 [main] org.apache.catalina.startup.VersionLoggerListener.log コマンドライン引数:       -Djava.util.logging.manager=org.apache.juli.ClassLoaderLogManager
28-Feb-2021 02:24:22.553 情報 [main] org.apache.catalina.startup.VersionLoggerListener.log コマンドライン引数:       -Djdk.tls.ephemeralDHKeySize=2048
28-Feb-2021 02:24:22.553 情報 [main] org.apache.catalina.startup.VersionLoggerListener.log コマンドライン引数:       -Djava.protocol.handler.pkgs=org.apache.catalina.webresources
28-Feb-2021 02:24:22.554 情報 [main] org.apache.catalina.startup.VersionLoggerListener.log コマンドライン引数:       -agentlib:jdwp=transport=dt_socket,address=localhost:25432,server=y,suspend=n
28-Feb-2021 02:24:22.554 情報 [main] org.apache.catalina.startup.VersionLoggerListener.log コマンドライン引数:       -Dignore.endorsed.dirs=
28-Feb-2021 02:24:22.555 情報 [main] org.apache.catalina.startup.VersionLoggerListener.log コマンドライン引数:       -Dcatalina.base=D:\WorkSpace\2020\apache-tomcat-9.0.41
28-Feb-2021 02:24:22.555 情報 [main] org.apache.catalina.startup.VersionLoggerListener.log コマンドライン引数:       -Dcatalina.home=D:\WorkSpace\2020\apache-tomcat-9.0.41
28-Feb-2021 02:24:22.555 情報 [main] org.apache.catalina.startup.VersionLoggerListener.log コマンドライン引数:       -Djava.io.tmpdir=D:\WorkSpace\2020\apache-tomcat-9.0.41\temp
28-Feb-2021 02:24:22.559 情報 [main] org.apache.catalina.core.AprLifecycleListener.lifecycleEvent APRバージョン[1.7.0]を使用してAPRベースのApache Tomcatネイティブライブラリ[1.2.25]をロードしました。
28-Feb-2021 02:24:22.559 情報 [main] org.apache.catalina.core.AprLifecycleListener.lifecycleEvent APR機能：IPv6 [true]、sendfile true]、受け入れフィルタ[false]、ランダム[true]
28-Feb-2021 02:24:22.560 情報 [main] org.apache.catalina.core.AprLifecycleListener.lifecycleEvent APR/OpenSSL設定：useAprConnector [false]、useOpenSSL [true]
28-Feb-2021 02:24:22.565 情報 [main] org.apache.catalina.core.AprLifecycleListener.initializeSSL OpenSSLは[OpenSSL 1.1.1g  21 Apr 2020]を正常に初期化しました。
28-Feb-2021 02:24:22.801 情報 [main] org.apache.coyote.AbstractProtocol.init プロトコルハンドラ ["http-nio-8080"] を初期化します。
28-Feb-2021 02:24:23.031 情報 [main] org.apache.catalina.startup.Catalina.load サーバーの初期化 [685]ms
28-Feb-2021 02:24:23.081 情報 [main] org.apache.catalina.core.StandardService.startInternal サービス [Catalina] を起動します
28-Feb-2021 02:24:23.081 情報 [main] org.apache.catalina.core.StandardEngine.startInternal サーブレットエンジンの起動：[Apache Tomcat/9.0.41]
28-Feb-2021 02:24:23.100 情報 [main] org.apache.catalina.startup.HostConfig.deployWAR Webアプリケーションアーカイブ [D:\WorkSpace\2020\apache-tomcat-9.0.41\webapps\TomcatDemo-0.0.1.war] を配備します
28-Feb-2021 02:24:23.826 情報 [main] org.apache.jasper.servlet.TldScanner.scanJars 少なくとも1つのJARが、まだTLDを含んでいないTLDについてスキャンされました。 スキャンしたが、そこにTLDが見つからなかったJARの完全なリストについては、このロガーのデバッグログを有効にしてください。 スキャン中に不要なJARをスキップすると、起動時間とJSPのコンパイル時間が改善されます。
28-Feb-2021 02:24:24.048 警告 [main] org.apache.catalina.util.SessionIdGeneratorBase.createSecureRandom セッション ID を生成するための SecureRandom インスタンスの作成に [187] ミリ秒かかりました。アルゴリズムは [SHA1PRNG] です。
28-Feb-2021 02:24:24.133 情報 [main] org.apache.catalina.startup.HostConfig.deployWAR Web アプリケーションアーカイブ [D:\WorkSpace\2020\apache-tomcat-9.0.41\webapps\TomcatDemo-0.0.1.war] の配備は [1,033] ms で完了しました。
28-Feb-2021 02:24:24.134 情報 [main] org.apache.catalina.startup.HostConfig.deployDirectory Webアプリケーションディレクトリ [D:\WorkSpace\2020\apache-tomcat-9.0.41\webapps\docs] を配備します
28-Feb-2021 02:24:24.167 情報 [main] org.apache.catalina.startup.HostConfig.deployDirectory ディレクトリ [D:\WorkSpace\2020\apache-tomcat-9.0.41\webapps\docs] の Web アプリケーションの配備は [33] ms で完了しました。
28-Feb-2021 02:24:24.168 情報 [main] org.apache.catalina.startup.HostConfig.deployDirectory Webアプリケーションディレクトリ [D:\WorkSpace\2020\apache-tomcat-9.0.41\webapps\examples] を配備します
28-Feb-2021 02:24:24.579 情報 [main] org.apache.catalina.startup.HostConfig.deployDirectory ディレクトリ [D:\WorkSpace\2020\apache-tomcat-9.0.41\webapps\examples] の Web アプリケーションの配備は [411] ms で完了しました。
28-Feb-2021 02:24:24.580 情報 [main] org.apache.catalina.startup.HostConfig.deployDirectory Webアプリケーションディレクトリ [D:\WorkSpace\2020\apache-tomcat-9.0.41\webapps\host-manager] を配備します
28-Feb-2021 02:24:24.616 情報 [main] org.apache.catalina.startup.HostConfig.deployDirectory ディレクトリ [D:\WorkSpace\2020\apache-tomcat-9.0.41\webapps\host-manager] の Web アプリケーションの配備は [37] ms で完了しました。
28-Feb-2021 02:24:24.616 情報 [main] org.apache.catalina.startup.HostConfig.deployDirectory Webアプリケーションディレクトリ [D:\WorkSpace\2020\apache-tomcat-9.0.41\webapps\manager] を配備します
28-Feb-2021 02:24:24.650 情報 [main] org.apache.catalina.startup.HostConfig.deployDirectory ディレクトリ [D:\WorkSpace\2020\apache-tomcat-9.0.41\webapps\manager] の Web アプリケーションの配備は [33] ms で完了しました。
28-Feb-2021 02:24:24.650 情報 [main] org.apache.catalina.startup.HostConfig.deployDirectory Webアプリケーションディレクトリ [D:\WorkSpace\2020\apache-tomcat-9.0.41\webapps\ROOT] を配備します
28-Feb-2021 02:24:24.679 情報 [main] org.apache.catalina.startup.HostConfig.deployDirectory ディレクトリ [D:\WorkSpace\2020\apache-tomcat-9.0.41\webapps\ROOT] の Web アプリケーションの配備は [29] ms で完了しました。
28-Feb-2021 02:24:24.685 情報 [main] org.apache.coyote.AbstractProtocol.start プロトコルハンドラー ["http-nio-8080"] を開始しました。
28-Feb-2021 02:24:24.694 情報 [main] org.apache.catalina.startup.Catalina.start サーバーの起動 [1661]ms
28-Feb-2021 02:26:09.774 情報 [Thread-3] org.apache.coyote.AbstractProtocol.pause ProtocolHandler ["http-nio-8080"] を一時停止します。
28-Feb-2021 02:26:09.956 情報 [Thread-3] org.apache.catalina.core.StandardService.stopInternal サービス [Catalina] を停止します
28-Feb-2021 02:26:09.982 情報 [Thread-3] org.apache.catalina.core.StandardWrapper.unload サーブレット [tomcatdemo.App] の [1] インスタンスが割り当て解除されるのを待機しています
28-Feb-2021 02:26:11.068 情報 [Thread-3] org.apache.catalina.core.StandardWrapper.unload サーブレット [tomcatdemo.App] の [1] インスタンスが割り当て解除されるのを待機しています
28-Feb-2021 02:26:12.157 情報 [Thread-3] org.apache.catalina.core.StandardWrapper.unload サーブレット [tomcatdemo.App] の [1] インスタンスが割り当て解除されるのを待機しています
28-Feb-2021 02:26:12.273 警告 [Thread-3] org.apache.catalina.loader.WebappClassLoaderBase.clearReferencesThreads Webアプリケーション[TomcatDemo-0.0.1]はまだ完了していないリクエストを処理しています。 これはメモリリークを引き起こす可能性が非常に高いです。 リクエストの終了時間は、StandardContext実装のunloadDelay属性を使用して制御できます。 陸絵鵜sと処理スレッドのスタックトレース：[
 tomcatdemo.App.doGet(App.java:18)
 javax.servlet.http.HttpServlet.service(HttpServlet.java:626)
 javax.servlet.http.HttpServlet.service(HttpServlet.java:733)
 org.apache.catalina.core.ApplicationFilterChain.internalDoFilter(ApplicationFilterChain.java:231)
 org.apache.catalina.core.ApplicationFilterChain.doFilter(ApplicationFilterChain.java:166)
 org.apache.tomcat.websocket.server.WsFilter.doFilter(WsFilter.java:53)
 org.apache.catalina.core.ApplicationFilterChain.internalDoFilter(ApplicationFilterChain.java:193)
 org.apache.catalina.core.ApplicationFilterChain.doFilter(ApplicationFilterChain.java:166)
 org.apache.catalina.core.StandardWrapperValve.invoke(StandardWrapperValve.java:202)
 org.apache.catalina.core.StandardContextValve.invoke(StandardContextValve.java:97)
 org.apache.catalina.authenticator.AuthenticatorBase.invoke(AuthenticatorBase.java:542)
 org.apache.catalina.core.StandardHostValve.invoke(StandardHostValve.java:143)
 org.apache.catalina.valves.ErrorReportValve.invoke(ErrorReportValve.java:92)
 org.apache.catalina.valves.AbstractAccessLogValve.invoke(AbstractAccessLogValve.java:690)
 org.apache.catalina.core.StandardEngineValve.invoke(StandardEngineValve.java:78)
 org.apache.catalina.connector.CoyoteAdapter.service(CoyoteAdapter.java:343)
 org.apache.coyote.http11.Http11Processor.service(Http11Processor.java:374)
 org.apache.coyote.AbstractProcessorLight.process(AbstractProcessorLight.java:65)
 org.apache.coyote.AbstractProtocol$ConnectionHandler.process(AbstractProtocol.java:888)
 org.apache.tomcat.util.net.NioEndpoint$SocketProcessor.doRun(NioEndpoint.java:1597)
 org.apache.tomcat.util.net.SocketProcessorBase.run(SocketProcessorBase.java:49)
 java.base@11.0.8/java.util.concurrent.ThreadPoolExecutor.runWorker(ThreadPoolExecutor.java:1128)
 java.base@11.0.8/java.util.concurrent.ThreadPoolExecutor$Worker.run(ThreadPoolExecutor.java:628)
 org.apache.tomcat.util.threads.TaskThread$WrappingRunnable.run(TaskThread.java:61)
 java.base@11.0.8/java.lang.Thread.run(Thread.java:834)]
28-Feb-2021 02:26:12.293 情報 [Thread-3] org.apache.coyote.AbstractProtocol.stop ProtocolHandler ["http-nio-8080"]の停止中
28-Feb-2021 02:26:17.303 警告 [Thread-3] org.apache.tomcat.util.net.AbstractEndpoint.shutdownExecutor スレッドプール [http-nio-8080] と関連付けられたエグゼキューターは完全に停止できませんでした。いくつかのアプリケーションスレッドはまだ動作し続けている可能性があります。
28-Feb-2021 02:26:17.306 情報 [Thread-3] org.apache.coyote.AbstractProtocol.destroy ProtocolHandler ["http-nio-8080"] を破棄します。
28-Feb-2021 02:29:41.797 情報 [main] org.apache.catalina.startup.VersionLoggerListener.log Serverのバージョン名:     Apache Tomcat/9.0.41
28-Feb-2021 02:29:41.802 情報 [main] org.apache.catalina.startup.VersionLoggerListener.log Server ビルド:            Dec 3 2020 11:43:00 UTC
28-Feb-2021 02:29:41.802 情報 [main] org.apache.catalina.startup.VersionLoggerListener.log サーバーのバージョン番号: 9.0.41.0
28-Feb-2021 02:29:41.802 情報 [main] org.apache.catalina.startup.VersionLoggerListener.log OS 名:                    Windows 10
28-Feb-2021 02:29:41.803 情報 [main] org.apache.catalina.startup.VersionLoggerListener.log OS バージョン:            10.0
28-Feb-2021 02:29:41.803 情報 [main] org.apache.catalina.startup.VersionLoggerListener.log アーキテクチャ:           amd64
28-Feb-2021 02:29:41.803 情報 [main] org.apache.catalina.startup.VersionLoggerListener.log Java Home:                C:\Program Files\Java\jdk-11.0.8
28-Feb-2021 02:29:41.803 情報 [main] org.apache.catalina.startup.VersionLoggerListener.log JVM バージョン:           11.0.8+10-LTS
28-Feb-2021 02:29:41.803 情報 [main] org.apache.catalina.startup.VersionLoggerListener.log JVM ベンダ:               Oracle Corporation
28-Feb-2021 02:29:41.804 情報 [main] org.apache.catalina.startup.VersionLoggerListener.log CATALINA_BASE:            D:\WorkSpace\2020\apache-tomcat-9.0.41
28-Feb-2021 02:29:41.804 情報 [main] org.apache.catalina.startup.VersionLoggerListener.log CATALINA_HOME:            D:\WorkSpace\2020\apache-tomcat-9.0.41
28-Feb-2021 02:29:41.813 情報 [main] org.apache.catalina.startup.VersionLoggerListener.log コマンドライン引数:       --add-opens=java.base/java.lang=ALL-UNNAMED
28-Feb-2021 02:29:41.814 情報 [main] org.apache.catalina.startup.VersionLoggerListener.log コマンドライン引数:       --add-opens=java.base/java.io=ALL-UNNAMED
28-Feb-2021 02:29:41.814 情報 [main] org.apache.catalina.startup.VersionLoggerListener.log コマンドライン引数:       --add-opens=java.rmi/sun.rmi.transport=ALL-UNNAMED
28-Feb-2021 02:29:41.814 情報 [main] org.apache.catalina.startup.VersionLoggerListener.log コマンドライン引数:       -Djava.util.logging.config.file=D:\WorkSpace\2020\apache-tomcat-9.0.41\conf\logging.properties
28-Feb-2021 02:29:41.815 情報 [main] org.apache.catalina.startup.VersionLoggerListener.log コマンドライン引数:       -Djava.util.logging.manager=org.apache.juli.ClassLoaderLogManager
28-Feb-2021 02:29:41.815 情報 [main] org.apache.catalina.startup.VersionLoggerListener.log コマンドライン引数:       -Djdk.tls.ephemeralDHKeySize=2048
28-Feb-2021 02:29:41.816 情報 [main] org.apache.catalina.startup.VersionLoggerListener.log コマンドライン引数:       -Djava.protocol.handler.pkgs=org.apache.catalina.webresources
28-Feb-2021 02:29:41.816 情報 [main] org.apache.catalina.startup.VersionLoggerListener.log コマンドライン引数:       -agentlib:jdwp=transport=dt_socket,address=localhost:25432,server=y,suspend=n
28-Feb-2021 02:29:41.817 情報 [main] org.apache.catalina.startup.VersionLoggerListener.log コマンドライン引数:       -Dignore.endorsed.dirs=
28-Feb-2021 02:29:41.817 情報 [main] org.apache.catalina.startup.VersionLoggerListener.log コマンドライン引数:       -Dcatalina.base=D:\WorkSpace\2020\apache-tomcat-9.0.41
28-Feb-2021 02:29:41.818 情報 [main] org.apache.catalina.startup.VersionLoggerListener.log コマンドライン引数:       -Dcatalina.home=D:\WorkSpace\2020\apache-tomcat-9.0.41
28-Feb-2021 02:29:41.818 情報 [main] org.apache.catalina.startup.VersionLoggerListener.log コマンドライン引数:       -Djava.io.tmpdir=D:\WorkSpace\2020\apache-tomcat-9.0.41\temp
28-Feb-2021 02:29:41.824 情報 [main] org.apache.catalina.core.AprLifecycleListener.lifecycleEvent APRバージョン[1.7.0]を使用してAPRベースのApache Tomcatネイティブライブラリ[1.2.25]をロードしました。
28-Feb-2021 02:29:41.825 情報 [main] org.apache.catalina.core.AprLifecycleListener.lifecycleEvent APR機能：IPv6 [true]、sendfile true]、受け入れフィルタ[false]、ランダム[true]
28-Feb-2021 02:29:41.825 情報 [main] org.apache.catalina.core.AprLifecycleListener.lifecycleEvent APR/OpenSSL設定：useAprConnector [false]、useOpenSSL [true]
28-Feb-2021 02:29:41.829 情報 [main] org.apache.catalina.core.AprLifecycleListener.initializeSSL OpenSSLは[OpenSSL 1.1.1g  21 Apr 2020]を正常に初期化しました。
28-Feb-2021 02:29:42.066 情報 [main] org.apache.coyote.AbstractProtocol.init プロトコルハンドラ ["http-nio-8080"] を初期化します。
28-Feb-2021 02:29:42.294 情報 [main] org.apache.catalina.startup.Catalina.load サーバーの初期化 [689]ms
28-Feb-2021 02:29:42.346 情報 [main] org.apache.catalina.core.StandardService.startInternal サービス [Catalina] を起動します
28-Feb-2021 02:29:42.346 情報 [main] org.apache.catalina.core.StandardEngine.startInternal サーブレットエンジンの起動：[Apache Tomcat/9.0.41]
28-Feb-2021 02:29:42.368 情報 [main] org.apache.catalina.startup.HostConfig.deployWAR Webアプリケーションアーカイブ [D:\WorkSpace\2020\apache-tomcat-9.0.41\webapps\TomcatDemo-0.0.1.war] を配備します
28-Feb-2021 02:29:43.106 情報 [main] org.apache.jasper.servlet.TldScanner.scanJars 少なくとも1つのJARが、まだTLDを含んでいないTLDについてスキャンされました。 スキャンしたが、そこにTLDが見つからなかったJARの完全なリストについては、このロガーのデバッグログを有効にしてください。 スキャン中に不要なJARをスキップすると、起動時間とJSPのコンパイル時間が改善されます。
28-Feb-2021 02:29:43.338 警告 [main] org.apache.catalina.util.SessionIdGeneratorBase.createSecureRandom セッション ID を生成するための SecureRandom インスタンスの作成に [207] ミリ秒かかりました。アルゴリズムは [SHA1PRNG] です。
28-Feb-2021 02:29:43.427 情報 [main] org.apache.catalina.startup.HostConfig.deployWAR Web アプリケーションアーカイブ [D:\WorkSpace\2020\apache-tomcat-9.0.41\webapps\TomcatDemo-0.0.1.war] の配備は [1,059] ms で完了しました。
28-Feb-2021 02:29:43.428 情報 [main] org.apache.catalina.startup.HostConfig.deployDirectory Webアプリケーションディレクトリ [D:\WorkSpace\2020\apache-tomcat-9.0.41\webapps\docs] を配備します
28-Feb-2021 02:29:43.457 情報 [main] org.apache.catalina.startup.HostConfig.deployDirectory ディレクトリ [D:\WorkSpace\2020\apache-tomcat-9.0.41\webapps\docs] の Web アプリケーションの配備は [29] ms で完了しました。
28-Feb-2021 02:29:43.457 情報 [main] org.apache.catalina.startup.HostConfig.deployDirectory Webアプリケーションディレクトリ [D:\WorkSpace\2020\apache-tomcat-9.0.41\webapps\examples] を配備します
28-Feb-2021 02:29:43.874 情報 [main] org.apache.catalina.startup.HostConfig.deployDirectory ディレクトリ [D:\WorkSpace\2020\apache-tomcat-9.0.41\webapps\examples] の Web アプリケーションの配備は [417] ms で完了しました。
28-Feb-2021 02:29:43.875 情報 [main] org.apache.catalina.startup.HostConfig.deployDirectory Webアプリケーションディレクトリ [D:\WorkSpace\2020\apache-tomcat-9.0.41\webapps\host-manager] を配備します
28-Feb-2021 02:29:43.910 情報 [main] org.apache.catalina.startup.HostConfig.deployDirectory ディレクトリ [D:\WorkSpace\2020\apache-tomcat-9.0.41\webapps\host-manager] の Web アプリケーションの配備は [36] ms で完了しました。
28-Feb-2021 02:29:43.911 情報 [main] org.apache.catalina.startup.HostConfig.deployDirectory Webアプリケーションディレクトリ [D:\WorkSpace\2020\apache-tomcat-9.0.41\webapps\manager] を配備します
28-Feb-2021 02:29:43.944 情報 [main] org.apache.catalina.startup.HostConfig.deployDirectory ディレクトリ [D:\WorkSpace\2020\apache-tomcat-9.0.41\webapps\manager] の Web アプリケーションの配備は [33] ms で完了しました。
28-Feb-2021 02:29:43.945 情報 [main] org.apache.catalina.startup.HostConfig.deployDirectory Webアプリケーションディレクトリ [D:\WorkSpace\2020\apache-tomcat-9.0.41\webapps\ROOT] を配備します
28-Feb-2021 02:29:43.972 情報 [main] org.apache.catalina.startup.HostConfig.deployDirectory ディレクトリ [D:\WorkSpace\2020\apache-tomcat-9.0.41\webapps\ROOT] の Web アプリケーションの配備は [28] ms で完了しました。
28-Feb-2021 02:29:43.977 情報 [main] org.apache.coyote.AbstractProtocol.start プロトコルハンドラー ["http-nio-8080"] を開始しました。
28-Feb-2021 02:29:43.986 情報 [main] org.apache.catalina.startup.Catalina.start サーバーの起動 [1691]ms
28-Feb-2021 02:43:41.856 情報 [main] org.apache.catalina.startup.VersionLoggerListener.log Serverのバージョン名:     Apache Tomcat/9.0.41
28-Feb-2021 02:43:41.861 情報 [main] org.apache.catalina.startup.VersionLoggerListener.log Server ビルド:            Dec 3 2020 11:43:00 UTC
28-Feb-2021 02:43:41.861 情報 [main] org.apache.catalina.startup.VersionLoggerListener.log サーバーのバージョン番号: 9.0.41.0
28-Feb-2021 02:43:41.862 情報 [main] org.apache.catalina.startup.VersionLoggerListener.log OS 名:                    Windows 10
28-Feb-2021 02:43:41.862 情報 [main] org.apache.catalina.startup.VersionLoggerListener.log OS バージョン:            10.0
28-Feb-2021 02:43:41.862 情報 [main] org.apache.catalina.startup.VersionLoggerListener.log アーキテクチャ:           amd64
28-Feb-2021 02:43:41.862 情報 [main] org.apache.catalina.startup.VersionLoggerListener.log Java Home:                C:\Program Files\Java\jdk-11.0.8
28-Feb-2021 02:43:41.863 情報 [main] org.apache.catalina.startup.VersionLoggerListener.log JVM バージョン:           11.0.8+10-LTS
28-Feb-2021 02:43:41.863 情報 [main] org.apache.catalina.startup.VersionLoggerListener.log JVM ベンダ:               Oracle Corporation
28-Feb-2021 02:43:41.863 情報 [main] org.apache.catalina.startup.VersionLoggerListener.log CATALINA_BASE:            D:\WorkSpace\2020\apache-tomcat-9.0.41
28-Feb-2021 02:43:41.863 情報 [main] org.apache.catalina.startup.VersionLoggerListener.log CATALINA_HOME:            D:\WorkSpace\2020\apache-tomcat-9.0.41
28-Feb-2021 02:43:41.874 情報 [main] org.apache.catalina.startup.VersionLoggerListener.log コマンドライン引数:       --add-opens=java.base/java.lang=ALL-UNNAMED
28-Feb-2021 02:43:41.875 情報 [main] org.apache.catalina.startup.VersionLoggerListener.log コマンドライン引数:       --add-opens=java.base/java.io=ALL-UNNAMED
28-Feb-2021 02:43:41.875 情報 [main] org.apache.catalina.startup.VersionLoggerListener.log コマンドライン引数:       --add-opens=java.rmi/sun.rmi.transport=ALL-UNNAMED
28-Feb-2021 02:43:41.875 情報 [main] org.apache.catalina.startup.VersionLoggerListener.log コマンドライン引数:       -Djava.util.logging.config.file=D:\WorkSpace\2020\apache-tomcat-9.0.41\conf\logging.properties
28-Feb-2021 02:43:41.876 情報 [main] org.apache.catalina.startup.VersionLoggerListener.log コマンドライン引数:       -Djava.util.logging.manager=org.apache.juli.ClassLoaderLogManager
28-Feb-2021 02:43:41.876 情報 [main] org.apache.catalina.startup.VersionLoggerListener.log コマンドライン引数:       -Djdk.tls.ephemeralDHKeySize=2048
28-Feb-2021 02:43:41.877 情報 [main] org.apache.catalina.startup.VersionLoggerListener.log コマンドライン引数:       -Djava.protocol.handler.pkgs=org.apache.catalina.webresources
28-Feb-2021 02:43:41.879 情報 [main] org.apache.catalina.startup.VersionLoggerListener.log コマンドライン引数:       -agentlib:jdwp=transport=dt_socket,address=localhost:25432,server=y,suspend=n
28-Feb-2021 02:43:41.882 情報 [main] org.apache.catalina.startup.VersionLoggerListener.log コマンドライン引数:       -Dignore.endorsed.dirs=
28-Feb-2021 02:43:41.883 情報 [main] org.apache.catalina.startup.VersionLoggerListener.log コマンドライン引数:       -Dcatalina.base=D:\WorkSpace\2020\apache-tomcat-9.0.41
28-Feb-2021 02:43:41.884 情報 [main] org.apache.catalina.startup.VersionLoggerListener.log コマンドライン引数:       -Dcatalina.home=D:\WorkSpace\2020\apache-tomcat-9.0.41
28-Feb-2021 02:43:41.884 情報 [main] org.apache.catalina.startup.VersionLoggerListener.log コマンドライン引数:       -Djava.io.tmpdir=D:\WorkSpace\2020\apache-tomcat-9.0.41\temp
28-Feb-2021 02:43:41.888 情報 [main] org.apache.catalina.core.AprLifecycleListener.lifecycleEvent APRバージョン[1.7.0]を使用してAPRベースのApache Tomcatネイティブライブラリ[1.2.25]をロードしました。
28-Feb-2021 02:43:41.889 情報 [main] org.apache.catalina.core.AprLifecycleListener.lifecycleEvent APR機能：IPv6 [true]、sendfile true]、受け入れフィルタ[false]、ランダム[true]
28-Feb-2021 02:43:41.889 情報 [main] org.apache.catalina.core.AprLifecycleListener.lifecycleEvent APR/OpenSSL設定：useAprConnector [false]、useOpenSSL [true]
28-Feb-2021 02:43:41.894 情報 [main] org.apache.catalina.core.AprLifecycleListener.initializeSSL OpenSSLは[OpenSSL 1.1.1g  21 Apr 2020]を正常に初期化しました。
28-Feb-2021 02:43:42.138 情報 [main] org.apache.coyote.AbstractProtocol.init プロトコルハンドラ ["http-nio-8080"] を初期化します。
28-Feb-2021 02:43:42.372 情報 [main] org.apache.catalina.startup.Catalina.load サーバーの初期化 [699]ms
28-Feb-2021 02:43:42.419 情報 [main] org.apache.catalina.core.StandardService.startInternal サービス [Catalina] を起動します
28-Feb-2021 02:43:42.420 情報 [main] org.apache.catalina.core.StandardEngine.startInternal サーブレットエンジンの起動：[Apache Tomcat/9.0.41]
28-Feb-2021 02:43:42.439 情報 [main] org.apache.catalina.startup.HostConfig.deployWAR Webアプリケーションアーカイブ [D:\WorkSpace\2020\apache-tomcat-9.0.41\webapps\TomcatDemo-0.0.1.war] を配備します
28-Feb-2021 02:43:43.152 情報 [main] org.apache.jasper.servlet.TldScanner.scanJars 少なくとも1つのJARが、まだTLDを含んでいないTLDについてスキャンされました。 スキャンしたが、そこにTLDが見つからなかったJARの完全なリストについては、このロガーのデバッグログを有効にしてください。 スキャン中に不要なJARをスキップすると、起動時間とJSPのコンパイル時間が改善されます。
28-Feb-2021 02:43:43.369 警告 [main] org.apache.catalina.util.SessionIdGeneratorBase.createSecureRandom セッション ID を生成するための SecureRandom インスタンスの作成に [194] ミリ秒かかりました。アルゴリズムは [SHA1PRNG] です。
28-Feb-2021 02:43:43.479 情報 [main] org.apache.catalina.startup.HostConfig.deployWAR Web アプリケーションアーカイブ [D:\WorkSpace\2020\apache-tomcat-9.0.41\webapps\TomcatDemo-0.0.1.war] の配備は [1,039] ms で完了しました。
28-Feb-2021 02:43:43.479 情報 [main] org.apache.catalina.startup.HostConfig.deployDirectory Webアプリケーションディレクトリ [D:\WorkSpace\2020\apache-tomcat-9.0.41\webapps\docs] を配備します
28-Feb-2021 02:43:43.511 情報 [main] org.apache.catalina.startup.HostConfig.deployDirectory ディレクトリ [D:\WorkSpace\2020\apache-tomcat-9.0.41\webapps\docs] の Web アプリケーションの配備は [32] ms で完了しました。
28-Feb-2021 02:43:43.513 情報 [main] org.apache.catalina.startup.HostConfig.deployDirectory Webアプリケーションディレクトリ [D:\WorkSpace\2020\apache-tomcat-9.0.41\webapps\examples] を配備します
28-Feb-2021 02:43:43.938 情報 [main] org.apache.catalina.startup.HostConfig.deployDirectory ディレクトリ [D:\WorkSpace\2020\apache-tomcat-9.0.41\webapps\examples] の Web アプリケーションの配備は [426] ms で完了しました。
28-Feb-2021 02:43:43.939 情報 [main] org.apache.catalina.startup.HostConfig.deployDirectory Webアプリケーションディレクトリ [D:\WorkSpace\2020\apache-tomcat-9.0.41\webapps\host-manager] を配備します
28-Feb-2021 02:43:43.974 情報 [main] org.apache.catalina.startup.HostConfig.deployDirectory ディレクトリ [D:\WorkSpace\2020\apache-tomcat-9.0.41\webapps\host-manager] の Web アプリケーションの配備は [35] ms で完了しました。
28-Feb-2021 02:43:43.974 情報 [main] org.apache.catalina.startup.HostConfig.deployDirectory Webアプリケーションディレクトリ [D:\WorkSpace\2020\apache-tomcat-9.0.41\webapps\manager] を配備します
28-Feb-2021 02:43:44.006 情報 [main] org.apache.catalina.startup.HostConfig.deployDirectory ディレクトリ [D:\WorkSpace\2020\apache-tomcat-9.0.41\webapps\manager] の Web アプリケーションの配備は [32] ms で完了しました。
28-Feb-2021 02:43:44.007 情報 [main] org.apache.catalina.startup.HostConfig.deployDirectory Webアプリケーションディレクトリ [D:\WorkSpace\2020\apache-tomcat-9.0.41\webapps\ROOT] を配備します
28-Feb-2021 02:43:44.034 情報 [main] org.apache.catalina.startup.HostConfig.deployDirectory ディレクトリ [D:\WorkSpace\2020\apache-tomcat-9.0.41\webapps\ROOT] の Web アプリケーションの配備は [27] ms で完了しました。
28-Feb-2021 02:43:44.040 情報 [main] org.apache.coyote.AbstractProtocol.start プロトコルハンドラー ["http-nio-8080"] を開始しました。
28-Feb-2021 02:43:44.048 情報 [main] org.apache.catalina.startup.Catalina.start サーバーの起動 [1675]ms
28-Feb-2021 02:48:44.918 情報 [main] org.apache.catalina.startup.VersionLoggerListener.log Serverのバージョン名:     Apache Tomcat/9.0.41
28-Feb-2021 02:48:44.922 情報 [main] org.apache.catalina.startup.VersionLoggerListener.log Server ビルド:            Dec 3 2020 11:43:00 UTC
28-Feb-2021 02:48:44.923 情報 [main] org.apache.catalina.startup.VersionLoggerListener.log サーバーのバージョン番号: 9.0.41.0
28-Feb-2021 02:48:44.923 情報 [main] org.apache.catalina.startup.VersionLoggerListener.log OS 名:                    Windows 10
28-Feb-2021 02:48:44.923 情報 [main] org.apache.catalina.startup.VersionLoggerListener.log OS バージョン:            10.0
28-Feb-2021 02:48:44.924 情報 [main] org.apache.catalina.startup.VersionLoggerListener.log アーキテクチャ:           amd64
28-Feb-2021 02:48:44.924 情報 [main] org.apache.catalina.startup.VersionLoggerListener.log Java Home:                C:\Program Files\Java\jdk-11.0.8
28-Feb-2021 02:48:44.924 情報 [main] org.apache.catalina.startup.VersionLoggerListener.log JVM バージョン:           11.0.8+10-LTS
28-Feb-2021 02:48:44.924 情報 [main] org.apache.catalina.startup.VersionLoggerListener.log JVM ベンダ:               Oracle Corporation
28-Feb-2021 02:48:44.924 情報 [main] org.apache.catalina.startup.VersionLoggerListener.log CATALINA_BASE:            D:\WorkSpace\2020\apache-tomcat-9.0.41
28-Feb-2021 02:48:44.924 情報 [main] org.apache.catalina.startup.VersionLoggerListener.log CATALINA_HOME:            D:\WorkSpace\2020\apache-tomcat-9.0.41
28-Feb-2021 02:48:44.938 情報 [main] org.apache.catalina.startup.VersionLoggerListener.log コマンドライン引数:       --add-opens=java.base/java.lang=ALL-UNNAMED
28-Feb-2021 02:48:44.938 情報 [main] org.apache.catalina.startup.VersionLoggerListener.log コマンドライン引数:       --add-opens=java.base/java.io=ALL-UNNAMED
28-Feb-2021 02:48:44.938 情報 [main] org.apache.catalina.startup.VersionLoggerListener.log コマンドライン引数:       --add-opens=java.rmi/sun.rmi.transport=ALL-UNNAMED
28-Feb-2021 02:48:44.938 情報 [main] org.apache.catalina.startup.VersionLoggerListener.log コマンドライン引数:       -Djava.util.logging.config.file=D:\WorkSpace\2020\apache-tomcat-9.0.41\conf\logging.properties
28-Feb-2021 02:48:44.939 情報 [main] org.apache.catalina.startup.VersionLoggerListener.log コマンドライン引数:       -Djava.util.logging.manager=org.apache.juli.ClassLoaderLogManager
28-Feb-2021 02:48:44.939 情報 [main] org.apache.catalina.startup.VersionLoggerListener.log コマンドライン引数:       -Djdk.tls.ephemeralDHKeySize=2048
28-Feb-2021 02:48:44.940 情報 [main] org.apache.catalina.startup.VersionLoggerListener.log コマンドライン引数:       -Djava.protocol.handler.pkgs=org.apache.catalina.webresources
28-Feb-2021 02:48:44.940 情報 [main] org.apache.catalina.startup.VersionLoggerListener.log コマンドライン引数:       -agentlib:jdwp=transport=dt_socket,address=localhost:25432,server=y,suspend=n
28-Feb-2021 02:48:44.940 情報 [main] org.apache.catalina.startup.VersionLoggerListener.log コマンドライン引数:       -Dignore.endorsed.dirs=
28-Feb-2021 02:48:44.941 情報 [main] org.apache.catalina.startup.VersionLoggerListener.log コマンドライン引数:       -Dcatalina.base=D:\WorkSpace\2020\apache-tomcat-9.0.41
28-Feb-2021 02:48:44.941 情報 [main] org.apache.catalina.startup.VersionLoggerListener.log コマンドライン引数:       -Dcatalina.home=D:\WorkSpace\2020\apache-tomcat-9.0.41
28-Feb-2021 02:48:44.941 情報 [main] org.apache.catalina.startup.VersionLoggerListener.log コマンドライン引数:       -Djava.io.tmpdir=D:\WorkSpace\2020\apache-tomcat-9.0.41\temp
28-Feb-2021 02:48:44.945 情報 [main] org.apache.catalina.core.AprLifecycleListener.lifecycleEvent APRバージョン[1.7.0]を使用してAPRベースのApache Tomcatネイティブライブラリ[1.2.25]をロードしました。
28-Feb-2021 02:48:44.945 情報 [main] org.apache.catalina.core.AprLifecycleListener.lifecycleEvent APR機能：IPv6 [true]、sendfile true]、受け入れフィルタ[false]、ランダム[true]
28-Feb-2021 02:48:44.946 情報 [main] org.apache.catalina.core.AprLifecycleListener.lifecycleEvent APR/OpenSSL設定：useAprConnector [false]、useOpenSSL [true]
28-Feb-2021 02:48:44.952 情報 [main] org.apache.catalina.core.AprLifecycleListener.initializeSSL OpenSSLは[OpenSSL 1.1.1g  21 Apr 2020]を正常に初期化しました。
28-Feb-2021 02:48:45.186 情報 [main] org.apache.coyote.AbstractProtocol.init プロトコルハンドラ ["http-nio-8080"] を初期化します。
28-Feb-2021 02:48:45.423 情報 [main] org.apache.catalina.startup.Catalina.load サーバーの初期化 [690]ms
28-Feb-2021 02:48:45.468 情報 [main] org.apache.catalina.core.StandardService.startInternal サービス [Catalina] を起動します
28-Feb-2021 02:48:45.469 情報 [main] org.apache.catalina.core.StandardEngine.startInternal サーブレットエンジンの起動：[Apache Tomcat/9.0.41]
28-Feb-2021 02:48:45.489 情報 [main] org.apache.catalina.startup.HostConfig.deployWAR Webアプリケーションアーカイブ [D:\WorkSpace\2020\apache-tomcat-9.0.41\webapps\TomcatDemo-0.0.1.war] を配備します
28-Feb-2021 02:48:46.216 情報 [main] org.apache.jasper.servlet.TldScanner.scanJars 少なくとも1つのJARが、まだTLDを含んでいないTLDについてスキャンされました。 スキャンしたが、そこにTLDが見つからなかったJARの完全なリストについては、このロガーのデバッグログを有効にしてください。 スキャン中に不要なJARをスキップすると、起動時間とJSPのコンパイル時間が改善されます。
28-Feb-2021 02:48:46.428 警告 [main] org.apache.catalina.util.SessionIdGeneratorBase.createSecureRandom セッション ID を生成するための SecureRandom インスタンスの作成に [187] ミリ秒かかりました。アルゴリズムは [SHA1PRNG] です。
28-Feb-2021 02:48:46.510 情報 [main] org.apache.catalina.startup.HostConfig.deployWAR Web アプリケーションアーカイブ [D:\WorkSpace\2020\apache-tomcat-9.0.41\webapps\TomcatDemo-0.0.1.war] の配備は [1,021] ms で完了しました。
28-Feb-2021 02:48:46.511 情報 [main] org.apache.catalina.startup.HostConfig.deployDirectory Webアプリケーションディレクトリ [D:\WorkSpace\2020\apache-tomcat-9.0.41\webapps\docs] を配備します
28-Feb-2021 02:48:46.541 情報 [main] org.apache.catalina.startup.HostConfig.deployDirectory ディレクトリ [D:\WorkSpace\2020\apache-tomcat-9.0.41\webapps\docs] の Web アプリケーションの配備は [30] ms で完了しました。
28-Feb-2021 02:48:46.542 情報 [main] org.apache.catalina.startup.HostConfig.deployDirectory Webアプリケーションディレクトリ [D:\WorkSpace\2020\apache-tomcat-9.0.41\webapps\examples] を配備します
28-Feb-2021 02:48:46.967 情報 [main] org.apache.catalina.startup.HostConfig.deployDirectory ディレクトリ [D:\WorkSpace\2020\apache-tomcat-9.0.41\webapps\examples] の Web アプリケーションの配備は [425] ms で完了しました。
28-Feb-2021 02:48:46.968 情報 [main] org.apache.catalina.startup.HostConfig.deployDirectory Webアプリケーションディレクトリ [D:\WorkSpace\2020\apache-tomcat-9.0.41\webapps\host-manager] を配備します
28-Feb-2021 02:48:47.013 情報 [main] org.apache.catalina.startup.HostConfig.deployDirectory ディレクトリ [D:\WorkSpace\2020\apache-tomcat-9.0.41\webapps\host-manager] の Web アプリケーションの配備は [45] ms で完了しました。
28-Feb-2021 02:48:47.014 情報 [main] org.apache.catalina.startup.HostConfig.deployDirectory Webアプリケーションディレクトリ [D:\WorkSpace\2020\apache-tomcat-9.0.41\webapps\manager] を配備します
28-Feb-2021 02:48:47.049 情報 [main] org.apache.catalina.startup.HostConfig.deployDirectory ディレクトリ [D:\WorkSpace\2020\apache-tomcat-9.0.41\webapps\manager] の Web アプリケーションの配備は [35] ms で完了しました。
28-Feb-2021 02:48:47.049 情報 [main] org.apache.catalina.startup.HostConfig.deployDirectory Webアプリケーションディレクトリ [D:\WorkSpace\2020\apache-tomcat-9.0.41\webapps\ROOT] を配備します
28-Feb-2021 02:48:47.081 情報 [main] org.apache.catalina.startup.HostConfig.deployDirectory ディレクトリ [D:\WorkSpace\2020\apache-tomcat-9.0.41\webapps\ROOT] の Web アプリケーションの配備は [32] ms で完了しました。
28-Feb-2021 02:48:47.087 情報 [main] org.apache.coyote.AbstractProtocol.start プロトコルハンドラー ["http-nio-8080"] を開始しました。
28-Feb-2021 02:48:47.096 情報 [main] org.apache.catalina.startup.Catalina.start サーバーの起動 [1673]ms
28-Feb-2021 02:51:07.590 情報 [main] org.apache.catalina.startup.VersionLoggerListener.log Serverのバージョン名:     Apache Tomcat/9.0.41
28-Feb-2021 02:51:07.595 情報 [main] org.apache.catalina.startup.VersionLoggerListener.log Server ビルド:            Dec 3 2020 11:43:00 UTC
28-Feb-2021 02:51:07.595 情報 [main] org.apache.catalina.startup.VersionLoggerListener.log サーバーのバージョン番号: 9.0.41.0
28-Feb-2021 02:51:07.595 情報 [main] org.apache.catalina.startup.VersionLoggerListener.log OS 名:                    Windows 10
28-Feb-2021 02:51:07.596 情報 [main] org.apache.catalina.startup.VersionLoggerListener.log OS バージョン:            10.0
28-Feb-2021 02:51:07.596 情報 [main] org.apache.catalina.startup.VersionLoggerListener.log アーキテクチャ:           amd64
28-Feb-2021 02:51:07.596 情報 [main] org.apache.catalina.startup.VersionLoggerListener.log Java Home:                C:\Program Files\Java\jdk-11.0.8
28-Feb-2021 02:51:07.596 情報 [main] org.apache.catalina.startup.VersionLoggerListener.log JVM バージョン:           11.0.8+10-LTS
28-Feb-2021 02:51:07.596 情報 [main] org.apache.catalina.startup.VersionLoggerListener.log JVM ベンダ:               Oracle Corporation
28-Feb-2021 02:51:07.596 情報 [main] org.apache.catalina.startup.VersionLoggerListener.log CATALINA_BASE:            D:\WorkSpace\2020\apache-tomcat-9.0.41
28-Feb-2021 02:51:07.597 情報 [main] org.apache.catalina.startup.VersionLoggerListener.log CATALINA_HOME:            D:\WorkSpace\2020\apache-tomcat-9.0.41
28-Feb-2021 02:51:07.606 情報 [main] org.apache.catalina.startup.VersionLoggerListener.log コマンドライン引数:       --add-opens=java.base/java.lang=ALL-UNNAMED
28-Feb-2021 02:51:07.606 情報 [main] org.apache.catalina.startup.VersionLoggerListener.log コマンドライン引数:       --add-opens=java.base/java.io=ALL-UNNAMED
28-Feb-2021 02:51:07.607 情報 [main] org.apache.catalina.startup.VersionLoggerListener.log コマンドライン引数:       --add-opens=java.rmi/sun.rmi.transport=ALL-UNNAMED
28-Feb-2021 02:51:07.607 情報 [main] org.apache.catalina.startup.VersionLoggerListener.log コマンドライン引数:       -Djava.util.logging.config.file=D:\WorkSpace\2020\apache-tomcat-9.0.41\conf\logging.properties
28-Feb-2021 02:51:07.607 情報 [main] org.apache.catalina.startup.VersionLoggerListener.log コマンドライン引数:       -Djava.util.logging.manager=org.apache.juli.ClassLoaderLogManager
28-Feb-2021 02:51:07.608 情報 [main] org.apache.catalina.startup.VersionLoggerListener.log コマンドライン引数:       -Djdk.tls.ephemeralDHKeySize=2048
28-Feb-2021 02:51:07.608 情報 [main] org.apache.catalina.startup.VersionLoggerListener.log コマンドライン引数:       -Djava.protocol.handler.pkgs=org.apache.catalina.webresources
28-Feb-2021 02:51:07.609 情報 [main] org.apache.catalina.startup.VersionLoggerListener.log コマンドライン引数:       -agentlib:jdwp=transport=dt_socket,address=localhost:25432,server=y,suspend=n
28-Feb-2021 02:51:07.609 情報 [main] org.apache.catalina.startup.VersionLoggerListener.log コマンドライン引数:       -Dignore.endorsed.dirs=
28-Feb-2021 02:51:07.609 情報 [main] org.apache.catalina.startup.VersionLoggerListener.log コマンドライン引数:       -Dcatalina.base=D:\WorkSpace\2020\apache-tomcat-9.0.41
28-Feb-2021 02:51:07.610 情報 [main] org.apache.catalina.startup.VersionLoggerListener.log コマンドライン引数:       -Dcatalina.home=D:\WorkSpace\2020\apache-tomcat-9.0.41
28-Feb-2021 02:51:07.612 情報 [main] org.apache.catalina.startup.VersionLoggerListener.log コマンドライン引数:       -Djava.io.tmpdir=D:\WorkSpace\2020\apache-tomcat-9.0.41\temp
28-Feb-2021 02:51:07.616 情報 [main] org.apache.catalina.core.AprLifecycleListener.lifecycleEvent APRバージョン[1.7.0]を使用してAPRベースのApache Tomcatネイティブライブラリ[1.2.25]をロードしました。
28-Feb-2021 02:51:07.617 情報 [main] org.apache.catalina.core.AprLifecycleListener.lifecycleEvent APR機能：IPv6 [true]、sendfile true]、受け入れフィルタ[false]、ランダム[true]
28-Feb-2021 02:51:07.617 情報 [main] org.apache.catalina.core.AprLifecycleListener.lifecycleEvent APR/OpenSSL設定：useAprConnector [false]、useOpenSSL [true]
28-Feb-2021 02:51:07.621 情報 [main] org.apache.catalina.core.AprLifecycleListener.initializeSSL OpenSSLは[OpenSSL 1.1.1g  21 Apr 2020]を正常に初期化しました。
28-Feb-2021 02:51:07.863 情報 [main] org.apache.coyote.AbstractProtocol.init プロトコルハンドラ ["http-nio-8080"] を初期化します。
28-Feb-2021 02:51:08.098 情報 [main] org.apache.catalina.startup.Catalina.load サーバーの初期化 [694]ms
28-Feb-2021 02:51:08.143 情報 [main] org.apache.catalina.core.StandardService.startInternal サービス [Catalina] を起動します
28-Feb-2021 02:51:08.144 情報 [main] org.apache.catalina.core.StandardEngine.startInternal サーブレットエンジンの起動：[Apache Tomcat/9.0.41]
28-Feb-2021 02:51:08.163 情報 [main] org.apache.catalina.startup.HostConfig.deployWAR Webアプリケーションアーカイブ [D:\WorkSpace\2020\apache-tomcat-9.0.41\webapps\TomcatDemo-0.0.1.war] を配備します
28-Feb-2021 02:51:08.882 情報 [main] org.apache.jasper.servlet.TldScanner.scanJars 少なくとも1つのJARが、まだTLDを含んでいないTLDについてスキャンされました。 スキャンしたが、そこにTLDが見つからなかったJARの完全なリストについては、このロガーのデバッグログを有効にしてください。 スキャン中に不要なJARをスキップすると、起動時間とJSPのコンパイル時間が改善されます。
28-Feb-2021 02:51:09.097 警告 [main] org.apache.catalina.util.SessionIdGeneratorBase.createSecureRandom セッション ID を生成するための SecureRandom インスタンスの作成に [191] ミリ秒かかりました。アルゴリズムは [SHA1PRNG] です。
28-Feb-2021 02:51:09.194 情報 [main] org.apache.catalina.startup.HostConfig.deployWAR Web アプリケーションアーカイブ [D:\WorkSpace\2020\apache-tomcat-9.0.41\webapps\TomcatDemo-0.0.1.war] の配備は [1,031] ms で完了しました。
28-Feb-2021 02:51:09.195 情報 [main] org.apache.catalina.startup.HostConfig.deployDirectory Webアプリケーションディレクトリ [D:\WorkSpace\2020\apache-tomcat-9.0.41\webapps\docs] を配備します
28-Feb-2021 02:51:09.225 情報 [main] org.apache.catalina.startup.HostConfig.deployDirectory ディレクトリ [D:\WorkSpace\2020\apache-tomcat-9.0.41\webapps\docs] の Web アプリケーションの配備は [30] ms で完了しました。
28-Feb-2021 02:51:09.226 情報 [main] org.apache.catalina.startup.HostConfig.deployDirectory Webアプリケーションディレクトリ [D:\WorkSpace\2020\apache-tomcat-9.0.41\webapps\examples] を配備します
28-Feb-2021 02:51:09.649 情報 [main] org.apache.catalina.startup.HostConfig.deployDirectory ディレクトリ [D:\WorkSpace\2020\apache-tomcat-9.0.41\webapps\examples] の Web アプリケーションの配備は [423] ms で完了しました。
28-Feb-2021 02:51:09.649 情報 [main] org.apache.catalina.startup.HostConfig.deployDirectory Webアプリケーションディレクトリ [D:\WorkSpace\2020\apache-tomcat-9.0.41\webapps\host-manager] を配備します
28-Feb-2021 02:51:09.688 情報 [main] org.apache.catalina.startup.HostConfig.deployDirectory ディレクトリ [D:\WorkSpace\2020\apache-tomcat-9.0.41\webapps\host-manager] の Web アプリケーションの配備は [39] ms で完了しました。
28-Feb-2021 02:51:09.688 情報 [main] org.apache.catalina.startup.HostConfig.deployDirectory Webアプリケーションディレクトリ [D:\WorkSpace\2020\apache-tomcat-9.0.41\webapps\manager] を配備します
28-Feb-2021 02:51:09.723 情報 [main] org.apache.catalina.startup.HostConfig.deployDirectory ディレクトリ [D:\WorkSpace\2020\apache-tomcat-9.0.41\webapps\manager] の Web アプリケーションの配備は [35] ms で完了しました。
28-Feb-2021 02:51:09.724 情報 [main] org.apache.catalina.startup.HostConfig.deployDirectory Webアプリケーションディレクトリ [D:\WorkSpace\2020\apache-tomcat-9.0.41\webapps\ROOT] を配備します
28-Feb-2021 02:51:09.756 情報 [main] org.apache.catalina.startup.HostConfig.deployDirectory ディレクトリ [D:\WorkSpace\2020\apache-tomcat-9.0.41\webapps\ROOT] の Web アプリケーションの配備は [32] ms で完了しました。
28-Feb-2021 02:51:09.762 情報 [main] org.apache.coyote.AbstractProtocol.start プロトコルハンドラー ["http-nio-8080"] を開始しました。
28-Feb-2021 02:51:09.773 情報 [main] org.apache.catalina.startup.Catalina.start サーバーの起動 [1673]ms
