28-Feb-2021 02:12:17.349 情報 [main] org.apache.catalina.core.ApplicationContext.log ContextListener: contextInitialized()
28-Feb-2021 02:12:17.349 情報 [main] org.apache.catalina.core.ApplicationContext.log SessionListener: contextInitialized()
28-Feb-2021 02:12:17.353 情報 [main] org.apache.catalina.core.ApplicationContext.log ContextListener: attributeAdded('StockTicker', 'async.Stockticker@32f96bba')
28-Feb-2021 02:12:35.350 情報 [Thread-3] org.apache.catalina.core.ApplicationContext.log SessionListener: contextDestroyed()
28-Feb-2021 02:12:35.350 情報 [Thread-3] org.apache.catalina.core.ApplicationContext.log ContextListener: contextDestroyed()
28-Feb-2021 02:12:53.604 情報 [main] org.apache.catalina.core.ApplicationContext.log ContextListener: contextInitialized()
28-Feb-2021 02:12:53.604 情報 [main] org.apache.catalina.core.ApplicationContext.log SessionListener: contextInitialized()
28-Feb-2021 02:12:53.607 情報 [main] org.apache.catalina.core.ApplicationContext.log ContextListener: attributeAdded('StockTicker', 'async.Stockticker@10b687f2')
28-Feb-2021 02:24:03.773 情報 [Thread-3] org.apache.catalina.core.ApplicationContext.log SessionListener: contextDestroyed()
28-Feb-2021 02:24:03.773 情報 [Thread-3] org.apache.catalina.core.ApplicationContext.log ContextListener: contextDestroyed()
28-Feb-2021 02:24:24.566 情報 [main] org.apache.catalina.core.ApplicationContext.log ContextListener: contextInitialized()
28-Feb-2021 02:24:24.566 情報 [main] org.apache.catalina.core.ApplicationContext.log SessionListener: contextInitialized()
28-Feb-2021 02:24:24.568 情報 [main] org.apache.catalina.core.ApplicationContext.log ContextListener: attributeAdded('StockTicker', 'async.Stockticker@388623ad')
28-Feb-2021 02:26:09.975 情報 [Thread-3] org.apache.catalina.core.ApplicationContext.log SessionListener: contextDestroyed()
28-Feb-2021 02:26:09.975 情報 [Thread-3] org.apache.catalina.core.ApplicationContext.log ContextListener: contextDestroyed()
28-Feb-2021 02:29:43.859 情報 [main] org.apache.catalina.core.ApplicationContext.log ContextListener: contextInitialized()
28-Feb-2021 02:29:43.859 情報 [main] org.apache.catalina.core.ApplicationContext.log SessionListener: contextInitialized()
28-Feb-2021 02:29:43.861 情報 [main] org.apache.catalina.core.ApplicationContext.log ContextListener: attributeAdded('StockTicker', 'async.Stockticker@de81be1')
28-Feb-2021 02:43:43.925 情報 [main] org.apache.catalina.core.ApplicationContext.log ContextListener: contextInitialized()
28-Feb-2021 02:43:43.926 情報 [main] org.apache.catalina.core.ApplicationContext.log SessionListener: contextInitialized()
28-Feb-2021 02:43:43.928 情報 [main] org.apache.catalina.core.ApplicationContext.log ContextListener: attributeAdded('StockTicker', 'async.Stockticker@2d0b05')
28-Feb-2021 02:48:46.954 情報 [main] org.apache.catalina.core.ApplicationContext.log ContextListener: contextInitialized()
28-Feb-2021 02:48:46.954 情報 [main] org.apache.catalina.core.ApplicationContext.log SessionListener: contextInitialized()
28-Feb-2021 02:48:46.956 情報 [main] org.apache.catalina.core.ApplicationContext.log ContextListener: attributeAdded('StockTicker', 'async.Stockticker@3850e90c')
28-Feb-2021 02:51:09.628 情報 [main] org.apache.catalina.core.ApplicationContext.log ContextListener: contextInitialized()
28-Feb-2021 02:51:09.628 情報 [main] org.apache.catalina.core.ApplicationContext.log SessionListener: contextInitialized()
28-Feb-2021 02:51:09.632 情報 [main] org.apache.catalina.core.ApplicationContext.log ContextListener: attributeAdded('StockTicker', 'async.Stockticker@2b148329')
